Log file open, 03/07/24 19:50:07
LogWindows: Failed to load 'aqProf.dll' (GetLastError=126)
LogWindows: File 'aqProf.dll' does not exist
LogWindows: Failed to load 'VtuneApi.dll' (GetLastError=126)
LogWindows: File 'VtuneApi.dll' does not exist
LogWindows: Failed to load 'VtuneApi32e.dll' (GetLastError=126)
LogWindows: File 'VtuneApi32e.dll' does not exist
LogConsoleResponse: Display: Failed to find resolution value strings in scalability ini. Falling back to default.
LogConsoleResponse: Display: Failed to find resolution value strings in scalability ini. Falling back to default.
LogInit: Display: Running engine for game: MyProject
LogPlatformFile: Not using cached read wrapper
LogTaskGraph: Started task graph with 5 named threads and 71 total threads with 3 sets of task threads.
LogStats: Stats thread started at 0.206468
LogICUInternationalization: ICU TimeZone Detection - Raw Offset: -5:00, Platform Override: ''
LogInit: Display: Loading text-based GConfig....
LogPluginManager: Mounting plugin MeshPainting
LogPluginManager: Mounting plugin XGEController
LogPluginManager: Mounting plugin AISupport
LogPluginManager: Mounting plugin Paper2D
LogPluginManager: Mounting plugin EnvironmentQueryEditor
LogPluginManager: Mounting plugin LiveLink
LogPluginManager: Mounting plugin LightPropagationVolume
LogPluginManager: Mounting plugin OodleData
LogPluginManager: Mounting plugin CameraShakePreviewer
LogPluginManager: Mounting plugin GameplayCameras
LogPluginManager: Mounting plugin AnimationSharing
LogPluginManager: Mounting plugin OodleNetwork
LogPluginManager: Mounting plugin CodeLiteSourceCodeAccess
LogPluginManager: Mounting plugin KDevelopSourceCodeAccess
LogPluginManager: Mounting plugin CLionSourceCodeAccess
LogPluginManager: Mounting plugin GitSourceControl
LogPluginManager: Mounting plugin NullSourceCodeAccess
LogPluginManager: Mounting plugin PerforceSourceControl
LogPluginManager: Mounting plugin PlasticSourceControl
LogPluginManager: Mounting plugin PixWinPlugin
LogPluginManager: Mounting plugin PluginUtils
LogPluginManager: Mounting plugin PropertyAccessNode
LogPluginManager: Mounting plugin RiderSourceCodeAccess
LogPluginManager: Mounting plugin VisualStudioCodeSourceCodeAccess
LogPluginManager: Mounting plugin UObjectPlugin
LogPluginManager: Mounting plugin TextureFormatOodle
LogPluginManager: Mounting plugin SubversionSourceControl
LogPluginManager: Mounting plugin XCodeSourceCodeAccess
LogPluginManager: Mounting plugin VisualStudioSourceCodeAccess
LogPluginManager: Mounting plugin CryptoKeys
LogPluginManager: Mounting plugin AssetManagerEditor
LogPluginManager: Mounting plugin CurveEditorTools
LogPluginManager: Mounting plugin FacialAnimation
LogPluginManager: Mounting plugin GeometryMode
LogPluginManager: Mounting plugin MaterialAnalyzer
LogPluginManager: Mounting plugin SpeedTreeImporter
LogPluginManager: Mounting plugin MobileLauncherProfileWizard
LogPluginManager: Mounting plugin PluginBrowser
LogPluginManager: Mounting plugin DatasmithContent
LogPluginManager: Mounting plugin AlembicImporter
LogPluginManager: Mounting plugin MacGraphicsSwitching
LogPluginManager: Mounting plugin DataValidation
LogPluginManager: Mounting plugin AutomationUtils
LogPluginManager: Mounting plugin ChaosNiagara
LogPluginManager: Mounting plugin ChaosEditor
LogPluginManager: Mounting plugin ChaosClothEditor
LogPluginManager: Mounting plugin ChaosCloth
LogPluginManager: Mounting plugin VariantManagerContent
LogPluginManager: Mounting plugin ChaosSolverPlugin
LogPluginManager: Mounting plugin Niagara
LogPluginManager: Mounting plugin GameplayTagsEditor
LogPluginManager: Mounting plugin GeometryCache
LogPluginManager: Mounting plugin GeometryCollectionPlugin
LogPluginManager: Mounting plugin GeometryProcessing
LogPluginManager: Mounting plugin CharacterAI
LogPluginManager: Mounting plugin OpenImageDenoise
LogPluginManager: Mounting plugin MotoSynth
LogPluginManager: Mounting plugin LuminPlatformFeatures
LogPluginManager: Mounting plugin MagicLeap
LogPluginManager: Mounting plugin BackChannel
LogPluginManager: Mounting plugin PlatformCrypto
LogPluginManager: Mounting plugin MagicLeapMedia
LogPluginManager: Mounting plugin PythonScriptPlugin
LogPluginManager: Mounting plugin MagicLeapPassableWorld
LogPluginManager: Mounting plugin ProxyLODPlugin
LogPluginManager: Mounting plugin MagicLeapLightEstimation
LogPluginManager: Mounting plugin SkeletalReduction
LogPluginManager: Mounting plugin MLSDK
LogPluginManager: Mounting plugin AvfMedia
LogPluginManager: Mounting plugin AndroidMedia
LogPluginManager: Mounting plugin MediaCompositing
LogPluginManager: Mounting plugin MediaPlayerEditor
LogPluginManager: Mounting plugin PlanarCut
LogPluginManager: Mounting plugin WebMMedia
LogPluginManager: Mounting plugin WmfMedia
LogPluginManager: Mounting plugin ImgMedia
LogPluginManager: Mounting plugin ActorSequence
LogPluginManager: Mounting plugin TcpMessaging
LogPluginManager: Mounting plugin LevelSequenceEditor
LogPluginManager: Mounting plugin TemplateSequence
LogPluginManager: Mounting plugin OnlineSubsystem
LogPluginManager: Mounting plugin MatineeToLevelSequence
LogPluginManager: Mounting plugin UdpMessaging
LogPluginManager: Mounting plugin OnlineSubsystemNull
LogPluginManager: Mounting plugin OnlineSubsystemUtils
LogPluginManager: Mounting plugin LauncherChunkInstaller
LogPluginManager: Mounting plugin AndroidMoviePlayer
LogPluginManager: Mounting plugin AndroidPermission
LogPluginManager: Mounting plugin AndroidDeviceProfileSelector
LogPluginManager: Mounting plugin AppleImageUtils
LogPluginManager: Mounting plugin AppleMoviePlayer
LogPluginManager: Mounting plugin AssetTags
LogPluginManager: Mounting plugin ArchVisCharacter
LogPluginManager: Mounting plugin AudioCapture
LogPluginManager: Mounting plugin CableComponent
LogPluginManager: Mounting plugin AudioSynesthesia
LogPluginManager: Mounting plugin CustomMeshComponent
LogPluginManager: Mounting plugin EditableMesh
LogPluginManager: Mounting plugin ChunkDownloader
LogPluginManager: Mounting plugin ExampleDeviceProfileSelector
LogPluginManager: Mounting plugin ActorLayerUtilities
LogPluginManager: Mounting plugin GoogleCloudMessaging
LogPluginManager: Mounting plugin GooglePAD
LogPluginManager: Mounting plugin IOSDeviceProfileSelector
LogPluginManager: Mounting plugin LinuxDeviceProfileSelector
LogPluginManager: Mounting plugin LocationServicesBPLibrary
LogPluginManager: Mounting plugin MobilePatchingUtils
LogPluginManager: Mounting plugin OpenXR
LogPluginManager: Mounting plugin OpenXREyeTracker
LogPluginManager: Mounting plugin OpenXRHandTracking
LogPluginManager: Mounting plugin PostSplashScreen
LogPluginManager: Mounting plugin ProceduralMeshComponent
LogPluginManager: Mounting plugin PropertyAccessEditor
LogPluginManager: Mounting plugin RuntimePhysXCooking
LogPluginManager: Mounting plugin SignificanceManager
LogPluginManager: Mounting plugin SoundFields
LogPluginManager: Mounting plugin Synthesis
LogPluginManager: Mounting plugin WebMMoviePlayer
LogPluginManager: Mounting plugin WindowsMoviePlayer
LogPluginManager: Mounting plugin ScreenshotTools
LogPluginManager: Mounting plugin Takes
LogPluginManager: Mounting plugin PhysXVehicles
LogPluginManager: Mounting plugin ContentBrowserAssetDataSource
LogPluginManager: Mounting plugin ContentBrowserClassDataSource
LogPluginManager: Mounting plugin ContentBrowserFileDataSource
LogPluginManager: Mounting plugin OnlineSubsystemIOS
LogPluginManager: Mounting plugin OnlineSubsystemGooglePlay
LogPluginManager: Mounting plugin OculusVR
LogPluginManager: Mounting plugin SteamVR
PixWinPlugin: PIX capture plugin failed to initialize! Check that the process is launched from PIX.
LogLuminAPIImpl: Warning: MLSDK not found.  This likely means the MLSDK environment variable is not set.
LogInit: Using libcurl 7.55.1-DEV
LogInit:  - built for x86_64-pc-win32
LogInit:  - supports SSL with OpenSSL/1.1.1
LogInit:  - supports HTTP deflate (compression) using libz 1.2.8
LogInit:  - other features:
LogInit:      CURL_VERSION_SSL
LogInit:      CURL_VERSION_LIBZ
LogInit:      CURL_VERSION_IPV6
LogInit:      CURL_VERSION_ASYNCHDNS
LogInit:      CURL_VERSION_LARGEFILE
LogInit:      CURL_VERSION_IDN
LogInit:  CurlRequestOptions (configurable via config and command line):
LogInit:  - bVerifyPeer = true  - Libcurl will verify peer certificate
LogInit:  - bUseHttpProxy = false  - Libcurl will NOT use HTTP proxy
LogInit:  - bDontReuseConnections = false  - Libcurl will reuse connections
LogInit:  - MaxHostConnections = 16  - Libcurl will limit the number of connections to a host
LogInit:  - LocalHostAddr = Default
LogInit:  - BufferSize = 65536
LogOnline: OSS: Creating online subsystem instance for: NULL
LogInit: WinSock: version 1.1 (2.2), MaxSocks=32767, MaxUdp=65467
LogOnline: OSS: TryLoadSubsystemAndSetDefault: Loaded subsystem for module [NULL]
LogOculusPluginWrapper: OculusPlugin initialized successfully
LogHMD: Failed initializing OVRPlugin 1.59.0
LogInit: Build: ++UE4+Release-4.27-CL-18319896
LogInit: Engine Version: 4.27.2-18319896+++UE4+Release-4.27
LogInit: Compatible Engine Version: 4.27.0-17155196+++UE4+Release-4.27
LogInit: Net CL: 17155196
LogInit: OS: Windows 10 (Release 2009) (), CPU: AMD Ryzen 9 5900X 12-Core Processor            , GPU: NVIDIA GeForce RTX 3060
LogInit: Compiled (64-bit): Nov 30 2021 07:12:08
LogInit: Compiled with Visual C++: 19.24.28315.00
LogInit: Build Configuration: Development
LogInit: Branch Name: ++UE4+Release-4.27
LogInit: Command Line: 
LogInit: Base Directory: C:/Program Files/Epic Games/UE_4.27/Engine/Binaries/Win64/
LogInit: Allocator: TBB
LogInit: Installed Engine Build: 1
LogDevObjectVersion: Number of dev versions registered: 29
LogDevObjectVersion:   Dev-Blueprints (B0D832E4-1F89-4F0D-ACCF-7EB736FD4AA2): 10
LogDevObjectVersion:   Dev-Build (E1C64328-A22C-4D53-A36C-8E866417BD8C): 0
LogDevObjectVersion:   Dev-Core (375EC13C-06E4-48FB-B500-84F0262A717E): 4
LogDevObjectVersion:   Dev-Editor (E4B068ED-F494-42E9-A231-DA0B2E46BB41): 40
LogDevObjectVersion:   Dev-Framework (CFFC743F-43B0-4480-9391-14DF171D2073): 37
LogDevObjectVersion:   Dev-Mobile (B02B49B5-BB20-44E9-A304-32B752E40360): 3
LogDevObjectVersion:   Dev-Networking (A4E4105C-59A1-49B5-A7C5-40C4547EDFEE): 0
LogDevObjectVersion:   Dev-Online (39C831C9-5AE6-47DC-9A44-9C173E1C8E7C): 0
LogDevObjectVersion:   Dev-Physics (78F01B33-EBEA-4F98-B9B4-84EACCB95AA2): 14
LogDevObjectVersion:   Dev-Platform (6631380F-2D4D-43E0-8009-CF276956A95A): 0
LogDevObjectVersion:   Dev-Rendering (12F88B9F-8875-4AFC-A67C-D90C383ABD29): 45
LogDevObjectVersion:   Dev-Sequencer (7B5AE74C-D270-4C10-A958-57980B212A5A): 13
LogDevObjectVersion:   Dev-VR (D7296918-1DD6-4BDD-9DE2-64A83CC13884): 3
LogDevObjectVersion:   Dev-LoadTimes (C2A15278-BFE7-4AFE-6C17-90FF531DF755): 1
LogDevObjectVersion:   Private-Geometry (6EACA3D4-40EC-4CC1-B786-8BED09428FC5): 3
LogDevObjectVersion:   Dev-AnimPhys (29E575DD-E0A3-4627-9D10-D276232CDCEA): 17
LogDevObjectVersion:   Dev-Anim (AF43A65D-7FD3-4947-9873-3E8ED9C1BB05): 15
LogDevObjectVersion:   Dev-ReflectionCapture (6B266CEC-1EC7-4B8F-A30B-E4D90942FC07): 1
LogDevObjectVersion:   Dev-Automation (0DF73D61-A23F-47EA-B727-89E90C41499A): 1
LogDevObjectVersion:   FortniteMain (601D1886-AC64-4F84-AA16-D3DE0DEAC7D6): 47
LogDevObjectVersion:   FortniteRelease (E7086368-6B23-4C58-8439-1B7016265E91): 1
LogDevObjectVersion:   Dev-Enterprise (9DFFBCD6-494F-0158-E221-12823C92A888): 10
LogDevObjectVersion:   Dev-Niagara (F2AED0AC-9AFE-416F-8664-AA7FFA26D6FC): 1
LogDevObjectVersion:   Dev-Destruction (174F1F0B-B4C6-45A5-B13F-2EE8D0FB917D): 10
LogDevObjectVersion:   Dev-Physics-Ext (35F94A83-E258-406C-A318-09F59610247C): 41
LogDevObjectVersion:   Dev-PhysicsMaterial-Chaos (B68FC16E-8B1B-42E2-B453-215C058844FE): 1
LogDevObjectVersion:   Dev-CineCamera (B2E18506-4273-CFC2-A54E-F4BB758BBA07): 1
LogDevObjectVersion:   Dev-VirtualProduction (64F58936-FD1B-42BA-BA96-7289D5D0FA4E): 1
LogDevObjectVersion:   Dev-MediaFramework (6F0ED827-A609-4895-9C91-998D90180EA4): 2
LogInit: Presizing for max 25165824 objects, including 0 objects not considered by GC, pre-allocating 0 bytes for permanent pool.
LogConfig: Applying CVar settings from Section [/Script/Engine.StreamingSettings] File [C:/Users/gamem/Documents/GitHub/Unreal-Engine-Test/MyProject/Saved/Config/Windows/Engine.ini]
LogConfig: Setting CVar [[s.MinBulkDataSizeForAsyncLoading:131072]]
LogConfig: Setting CVar [[s.AsyncLoadingThreadEnabled:0]]
LogConfig: Setting CVar [[s.EventDrivenLoaderEnabled:1]]
LogConfig: Setting CVar [[s.WarnIfTimeLimitExceeded:0]]
LogConfig: Setting CVar [[s.TimeLimitExceededMultiplier:1.5]]
LogConfig: Setting CVar [[s.TimeLimitExceededMinTime:0.005]]
LogConfig: Setting CVar [[s.UseBackgroundLevelStreaming:1]]
LogConfig: Setting CVar [[s.PriorityAsyncLoadingExtraTime:15.0]]
LogConfig: Setting CVar [[s.LevelStreamingActorsUpdateTimeLimit:5.0]]
LogConfig: Setting CVar [[s.PriorityLevelStreamingActorsUpdateExtraTime:5.0]]
LogConfig: Setting CVar [[s.LevelStreamingComponentsRegistrationGranularity:10]]
LogConfig: Setting CVar [[s.UnregisterComponentsTimeLimit:1.0]]
LogConfig: Setting CVar [[s.LevelStreamingComponentsUnregistrationGranularity:5]]
LogConfig: Setting CVar [[s.FlushStreamingOnExit:1]]
LogInit: Object subsystem initialized
LogConfig: Setting CVar [[con.DebugEarlyDefault:1]]
LogConfig: Setting CVar [[r.setres:1280x720]]
[2024.03.08-00.50.07:650][  0]LogConfig: Setting CVar [[r.VSync:0]]
[2024.03.08-00.50.07:650][  0]LogConfig: Setting CVar [[r.RHICmdBypass:0]]
[2024.03.08-00.50.07:650][  0]LogConfig: Applying CVar settings from Section [/Script/Engine.RendererSettings] File [C:/Users/gamem/Documents/GitHub/Unreal-Engine-Test/MyProject/Saved/Config/Windows/Engine.ini]
[2024.03.08-00.50.07:650][  0]LogConfig: Setting CVar [[r.GPUCrashDebugging:0]]
[2024.03.08-00.50.07:650][  0]LogConfig: Setting CVar [[r.SkinCache.CompileShaders:1]]
[2024.03.08-00.50.07:650][  0]LogConfig: Setting CVar [[r.RayTracing:1]]
[2024.03.08-00.50.07:650][  0]LogConfig: Applying CVar settings from Section [/Script/Engine.RendererOverrideSettings] File [C:/Users/gamem/Documents/GitHub/Unreal-Engine-Test/MyProject/Saved/Config/Windows/Engine.ini]
[2024.03.08-00.50.07:650][  0]LogConfig: Applying CVar settings from Section [/Script/Engine.StreamingSettings] File [C:/Users/gamem/Documents/GitHub/Unreal-Engine-Test/MyProject/Saved/Config/Windows/Engine.ini]
[2024.03.08-00.50.07:650][  0]LogConfig: Setting CVar [[s.MinBulkDataSizeForAsyncLoading:131072]]
[2024.03.08-00.50.07:650][  0]LogConfig: Setting CVar [[s.AsyncLoadingThreadEnabled:0]]
[2024.03.08-00.50.07:650][  0]LogConfig: Setting CVar [[s.EventDrivenLoaderEnabled:1]]
[2024.03.08-00.50.07:650][  0]LogConfig: Setting CVar [[s.WarnIfTimeLimitExceeded:0]]
[2024.03.08-00.50.07:650][  0]LogConfig: Setting CVar [[s.TimeLimitExceededMultiplier:1.5]]
[2024.03.08-00.50.07:650][  0]LogConfig: Setting CVar [[s.TimeLimitExceededMinTime:0.005]]
[2024.03.08-00.50.07:650][  0]LogConfig: Setting CVar [[s.UseBackgroundLevelStreaming:1]]
[2024.03.08-00.50.07:650][  0]LogConfig: Setting CVar [[s.PriorityAsyncLoadingExtraTime:15.0]]
[2024.03.08-00.50.07:650][  0]LogConfig: Setting CVar [[s.LevelStreamingActorsUpdateTimeLimit:5.0]]
[2024.03.08-00.50.07:650][  0]LogConfig: Setting CVar [[s.PriorityLevelStreamingActorsUpdateExtraTime:5.0]]
[2024.03.08-00.50.07:650][  0]LogConfig: Setting CVar [[s.LevelStreamingComponentsRegistrationGranularity:10]]
[2024.03.08-00.50.07:650][  0]LogConfig: Setting CVar [[s.UnregisterComponentsTimeLimit:1.0]]
[2024.03.08-00.50.07:650][  0]LogConfig: Setting CVar [[s.LevelStreamingComponentsUnregistrationGranularity:5]]
[2024.03.08-00.50.07:650][  0]LogConfig: Setting CVar [[s.FlushStreamingOnExit:1]]
[2024.03.08-00.50.07:650][  0]LogConfig: Applying CVar settings from Section [/Script/Engine.GarbageCollectionSettings] File [C:/Users/gamem/Documents/GitHub/Unreal-Engine-Test/MyProject/Saved/Config/Windows/Engine.ini]
[2024.03.08-00.50.07:650][  0]LogConfig: Setting CVar [[gc.MaxObjectsNotConsideredByGC:1]]
[2024.03.08-00.50.07:650][  0]LogConfig: Setting CVar [[gc.SizeOfPermanentObjectPool:0]]
[2024.03.08-00.50.07:650][  0]LogConfig: Setting CVar [[gc.FlushStreamingOnGC:0]]
[2024.03.08-00.50.07:650][  0]LogConfig: Setting CVar [[gc.NumRetriesBeforeForcingGC:10]]
[2024.03.08-00.50.07:650][  0]LogConfig: Setting CVar [[gc.AllowParallelGC:1]]
[2024.03.08-00.50.07:650][  0]LogConfig: Setting CVar [[gc.TimeBetweenPurgingPendingKillObjects:61.1]]
[2024.03.08-00.50.07:650][  0]LogConfig: Setting CVar [[gc.MaxObjectsInEditor:25165824]]
[2024.03.08-00.50.07:650][  0]LogConfig: Setting CVar [[gc.IncrementalBeginDestroyEnabled:1]]
[2024.03.08-00.50.07:650][  0]LogConfig: Setting CVar [[gc.CreateGCClusters:1]]
[2024.03.08-00.50.07:650][  0]LogConfig: Setting CVar [[gc.MinGCClusterSize:5]]
[2024.03.08-00.50.07:650][  0]LogConfig: Setting CVar [[gc.ActorClusteringEnabled:0]]
[2024.03.08-00.50.07:650][  0]LogConfig: Setting CVar [[gc.BlueprintClusteringEnabled:0]]
[2024.03.08-00.50.07:650][  0]LogConfig: Setting CVar [[gc.UseDisregardForGCOnDedicatedServers:0]]
[2024.03.08-00.50.07:650][  0]LogConfig: Setting CVar [[gc.MultithreadedDestructionEnabled:1]]
[2024.03.08-00.50.07:650][  0]LogConfig: Applying CVar settings from Section [/Script/Engine.NetworkSettings] File [C:/Users/gamem/Documents/GitHub/Unreal-Engine-Test/MyProject/Saved/Config/Windows/Engine.ini]
[2024.03.08-00.50.07:650][  0]LogConfig: Applying CVar settings from Section [/Script/UnrealEd.CookerSettings] File [C:/Users/gamem/Documents/GitHub/Unreal-Engine-Test/MyProject/Saved/Config/Windows/Engine.ini]
[2024.03.08-00.50.07:665][  0]LogConfig: Applying CVar settings from Section [ViewDistanceQuality@3] File [C:/Users/gamem/Documents/GitHub/Unreal-Engine-Test/MyProject/Saved/Config/Windows/Scalability.ini]
[2024.03.08-00.50.07:665][  0]LogConfig: Setting CVar [[r.SkeletalMeshLODBias:0]]
[2024.03.08-00.50.07:665][  0]LogConfig: Setting CVar [[r.ViewDistanceScale:1.0]]
[2024.03.08-00.50.07:665][  0]LogConfig: Applying CVar settings from Section [AntiAliasingQuality@3] File [C:/Users/gamem/Documents/GitHub/Unreal-Engine-Test/MyProject/Saved/Config/Windows/Scalability.ini]
[2024.03.08-00.50.07:665][  0]LogConfig: Setting CVar [[r.PostProcessAAQuality:4]]
[2024.03.08-00.50.07:665][  0]LogConfig: Applying CVar settings from Section [ShadowQuality@3] File [C:/Users/gamem/Documents/GitHub/Unreal-Engine-Test/MyProject/Saved/Config/Windows/Scalability.ini]
[2024.03.08-00.50.07:665][  0]LogConfig: Setting CVar [[r.LightFunctionQuality:1]]
[2024.03.08-00.50.07:665][  0]LogConfig: Setting CVar [[r.ShadowQuality:5]]
[2024.03.08-00.50.07:665][  0]LogConfig: Setting CVar [[r.Shadow.CSM.MaxCascades:10]]
[2024.03.08-00.50.07:665][  0]LogConfig: Setting CVar [[r.Shadow.MaxResolution:2048]]
[2024.03.08-00.50.07:665][  0]LogConfig: Setting CVar [[r.Shadow.MaxCSMResolution:2048]]
[2024.03.08-00.50.07:665][  0]LogConfig: Setting CVar [[r.Shadow.RadiusThreshold:0.01]]
[2024.03.08-00.50.07:665][  0]LogConfig: Setting CVar [[r.Shadow.DistanceScale:1.0]]
[2024.03.08-00.50.07:665][  0]LogConfig: Setting CVar [[r.Shadow.CSM.TransitionScale:1.0]]
[2024.03.08-00.50.07:665][  0]LogConfig: Setting CVar [[r.Shadow.PreShadowResolutionFactor:1.0]]
[2024.03.08-00.50.07:665][  0]LogConfig: Setting CVar [[r.DistanceFieldShadowing:1]]
[2024.03.08-00.50.07:665][  0]LogConfig: Setting CVar [[r.DistanceFieldAO:1]]
[2024.03.08-00.50.07:665][  0]LogConfig: Setting CVar [[r.AOQuality:2]]
[2024.03.08-00.50.07:665][  0]LogConfig: Setting CVar [[r.VolumetricFog:1]]
[2024.03.08-00.50.07:665][  0]LogConfig: Setting CVar [[r.VolumetricFog.GridPixelSize:8]]
[2024.03.08-00.50.07:665][  0]LogConfig: Setting CVar [[r.VolumetricFog.GridSizeZ:128]]
[2024.03.08-00.50.07:665][  0]LogConfig: Setting CVar [[r.VolumetricFog.HistoryMissSupersampleCount:4]]
[2024.03.08-00.50.07:665][  0]LogConfig: Setting CVar [[r.LightMaxDrawDistanceScale:1]]
[2024.03.08-00.50.07:665][  0]LogConfig: Setting CVar [[r.CapsuleShadows:1]]
[2024.03.08-00.50.07:665][  0]LogConfig: Applying CVar settings from Section [PostProcessQuality@3] File [C:/Users/gamem/Documents/GitHub/Unreal-Engine-Test/MyProject/Saved/Config/Windows/Scalability.ini]
[2024.03.08-00.50.07:665][  0]LogConfig: Setting CVar [[r.MotionBlurQuality:4]]
[2024.03.08-00.50.07:665][  0]LogConfig: Setting CVar [[r.AmbientOcclusionMipLevelFactor:0.4]]
[2024.03.08-00.50.07:665][  0]LogConfig: Setting CVar [[r.AmbientOcclusionMaxQuality:100]]
[2024.03.08-00.50.07:665][  0]LogConfig: Setting CVar [[r.AmbientOcclusionLevels:-1]]
[2024.03.08-00.50.07:665][  0]LogConfig: Setting CVar [[r.AmbientOcclusionRadiusScale:1.0]]
[2024.03.08-00.50.07:665][  0]LogConfig: Setting CVar [[r.DepthOfFieldQuality:2]]
[2024.03.08-00.50.07:665][  0]LogConfig: Setting CVar [[r.RenderTargetPoolMin:400]]
[2024.03.08-00.50.07:665][  0]LogConfig: Setting CVar [[r.LensFlareQuality:2]]
[2024.03.08-00.50.07:665][  0]LogConfig: Setting CVar [[r.SceneColorFringeQuality:1]]
[2024.03.08-00.50.07:665][  0]LogConfig: Setting CVar [[r.EyeAdaptationQuality:2]]
[2024.03.08-00.50.07:665][  0]LogConfig: Setting CVar [[r.BloomQuality:5]]
[2024.03.08-00.50.07:665][  0]LogConfig: Setting CVar [[r.FastBlurThreshold:100]]
[2024.03.08-00.50.07:665][  0]LogConfig: Setting CVar [[r.Upscale.Quality:3]]
[2024.03.08-00.50.07:665][  0]LogConfig: Setting CVar [[r.Tonemapper.GrainQuantization:1]]
[2024.03.08-00.50.07:665][  0]LogConfig: Setting CVar [[r.LightShaftQuality:1]]
[2024.03.08-00.50.07:665][  0]LogConfig: Setting CVar [[r.Filter.SizeScale:1]]
[2024.03.08-00.50.07:665][  0]LogConfig: Setting CVar [[r.Tonemapper.Quality:5]]
[2024.03.08-00.50.07:665][  0]LogConfig: Setting CVar [[r.DOF.Gather.AccumulatorQuality:1        ; higher gathering accumulator quality]]
[2024.03.08-00.50.07:665][  0]LogConfig: Setting CVar [[r.DOF.Gather.PostfilterMethod:1          ; Median3x3 postfilering method]]
[2024.03.08-00.50.07:665][  0]LogConfig: Setting CVar [[r.DOF.Gather.EnableBokehSettings:0       ; no bokeh simulation when gathering]]
[2024.03.08-00.50.07:665][  0]LogConfig: Setting CVar [[r.DOF.Gather.RingCount:4                 ; medium number of samples when gathering]]
[2024.03.08-00.50.07:665][  0]LogConfig: Setting CVar [[r.DOF.Scatter.ForegroundCompositing:1    ; additive foreground scattering]]
[2024.03.08-00.50.07:665][  0]LogConfig: Setting CVar [[r.DOF.Scatter.BackgroundCompositing:2    ; additive background scattering]]
[2024.03.08-00.50.07:665][  0]LogConfig: Setting CVar [[r.DOF.Scatter.EnableBokehSettings:1      ; bokeh simulation when scattering]]
[2024.03.08-00.50.07:665][  0]LogConfig: Setting CVar [[r.DOF.Scatter.MaxSpriteRatio:0.1         ; only a maximum of 10% of scattered bokeh]]
[2024.03.08-00.50.07:665][  0]LogConfig: Setting CVar [[r.DOF.Recombine.Quality:1                ; cheap slight out of focus]]
[2024.03.08-00.50.07:665][  0]LogConfig: Setting CVar [[r.DOF.Recombine.EnableBokehSettings:0    ; no bokeh simulation on slight out of focus]]
[2024.03.08-00.50.07:665][  0]LogConfig: Setting CVar [[r.DOF.TemporalAAQuality:1                ; more stable temporal accumulation]]
[2024.03.08-00.50.07:665][  0]LogConfig: Setting CVar [[r.DOF.Kernel.MaxForegroundRadius:0.025]]
[2024.03.08-00.50.07:665][  0]LogConfig: Setting CVar [[r.DOF.Kernel.MaxBackgroundRadius:0.025]]
[2024.03.08-00.50.07:665][  0]LogConfig: Applying CVar settings from Section [TextureQuality@3] File [C:/Users/gamem/Documents/GitHub/Unreal-Engine-Test/MyProject/Saved/Config/Windows/Scalability.ini]
[2024.03.08-00.50.07:665][  0]LogConfig: Setting CVar [[r.Streaming.MipBias:0]]
[2024.03.08-00.50.07:665][  0]LogConfig: Setting CVar [[r.Streaming.AmortizeCPUToGPUCopy:0]]
[2024.03.08-00.50.07:665][  0]LogConfig: Setting CVar [[r.Streaming.MaxNumTexturesToStreamPerFrame:0]]
[2024.03.08-00.50.07:665][  0]LogConfig: Setting CVar [[r.Streaming.Boost:1]]
[2024.03.08-00.50.07:665][  0]LogConfig: Setting CVar [[r.MaxAnisotropy:8]]
[2024.03.08-00.50.07:665][  0]LogConfig: Setting CVar [[r.VT.MaxAnisotropy:8]]
[2024.03.08-00.50.07:665][  0]LogConfig: Setting CVar [[r.Streaming.LimitPoolSizeToVRAM:0]]
[2024.03.08-00.50.07:665][  0]LogConfig: Setting CVar [[r.Streaming.PoolSize:1000]]
[2024.03.08-00.50.07:665][  0]LogConfig: Setting CVar [[r.Streaming.MaxEffectiveScreenSize:0]]
[2024.03.08-00.50.07:665][  0]LogConfig: Applying CVar settings from Section [EffectsQuality@3] File [C:/Users/gamem/Documents/GitHub/Unreal-Engine-Test/MyProject/Saved/Config/Windows/Scalability.ini]
[2024.03.08-00.50.07:665][  0]LogConfig: Setting CVar [[r.TranslucencyLightingVolumeDim:64]]
[2024.03.08-00.50.07:665][  0]LogConfig: Setting CVar [[r.RefractionQuality:2]]
[2024.03.08-00.50.07:665][  0]LogConfig: Setting CVar [[r.SSR.Quality:3]]
[2024.03.08-00.50.07:666][  0]LogConfig: Setting CVar [[r.SSR.HalfResSceneColor:0]]
[2024.03.08-00.50.07:666][  0]LogConfig: Setting CVar [[r.SceneColorFormat:4]]
[2024.03.08-00.50.07:666][  0]LogConfig: Setting CVar [[r.DetailMode:2]]
[2024.03.08-00.50.07:666][  0]LogConfig: Setting CVar [[r.TranslucencyVolumeBlur:1]]
[2024.03.08-00.50.07:666][  0]LogConfig: Setting CVar [[r.MaterialQualityLevel:1 ; High quality]]
[2024.03.08-00.50.07:666][  0]LogConfig: Setting CVar [[r.AnisotropicMaterials:1]]
[2024.03.08-00.50.07:666][  0]LogConfig: Setting CVar [[r.SSS.Scale:1]]
[2024.03.08-00.50.07:666][  0]LogConfig: Setting CVar [[r.SSS.SampleSet:2]]
[2024.03.08-00.50.07:666][  0]LogConfig: Setting CVar [[r.SSS.Quality:1]]
[2024.03.08-00.50.07:666][  0]LogConfig: Setting CVar [[r.SSS.HalfRes:0]]
[2024.03.08-00.50.07:666][  0]LogConfig: Setting CVar [[r.SSGI.Quality:3]]
[2024.03.08-00.50.07:666][  0]LogConfig: Setting CVar [[r.EmitterSpawnRateScale:1.0]]
[2024.03.08-00.50.07:666][  0]LogConfig: Setting CVar [[r.ParticleLightQuality:2]]
[2024.03.08-00.50.07:666][  0]LogConfig: Setting CVar [[r.SkyAtmosphere.AerialPerspectiveLUT.FastApplyOnOpaque:1 ; Always have FastSkyLUT 1 in this case to avoid wrong sky]]
[2024.03.08-00.50.07:666][  0]LogConfig: Setting CVar [[r.SkyAtmosphere.AerialPerspectiveLUT.SampleCountMaxPerSlice:4]]
[2024.03.08-00.50.07:666][  0]LogConfig: Setting CVar [[r.SkyAtmosphere.AerialPerspectiveLUT.DepthResolution:16.0]]
[2024.03.08-00.50.07:666][  0]LogConfig: Setting CVar [[r.SkyAtmosphere.FastSkyLUT:1]]
[2024.03.08-00.50.07:666][  0]LogConfig: Setting CVar [[r.SkyAtmosphere.FastSkyLUT.SampleCountMin:4.0]]
[2024.03.08-00.50.07:666][  0]LogConfig: Setting CVar [[r.SkyAtmosphere.FastSkyLUT.SampleCountMax:128.0]]
[2024.03.08-00.50.07:666][  0]LogConfig: Setting CVar [[r.SkyAtmosphere.SampleCountMin:4.0]]
[2024.03.08-00.50.07:666][  0]LogConfig: Setting CVar [[r.SkyAtmosphere.SampleCountMax:128.0]]
[2024.03.08-00.50.07:666][  0]LogConfig: Setting CVar [[r.SkyAtmosphere.TransmittanceLUT.UseSmallFormat:0]]
[2024.03.08-00.50.07:666][  0]LogConfig: Setting CVar [[r.SkyAtmosphere.TransmittanceLUT.SampleCount:10.0]]
[2024.03.08-00.50.07:666][  0]LogConfig: Setting CVar [[r.SkyAtmosphere.MultiScatteringLUT.SampleCount:15.0]]
[2024.03.08-00.50.07:666][  0]LogConfig: Setting CVar [[r.SkyLight.RealTimeReflectionCapture:1]]
[2024.03.08-00.50.07:666][  0]LogConfig: Applying CVar settings from Section [FoliageQuality@3] File [C:/Users/gamem/Documents/GitHub/Unreal-Engine-Test/MyProject/Saved/Config/Windows/Scalability.ini]
[2024.03.08-00.50.07:666][  0]LogConfig: Setting CVar [[foliage.DensityScale:1.0]]
[2024.03.08-00.50.07:666][  0]LogConfig: Setting CVar [[grass.DensityScale:1.0]]
[2024.03.08-00.50.07:666][  0]LogConfig: Applying CVar settings from Section [ShadingQuality@3] File [C:/Users/gamem/Documents/GitHub/Unreal-Engine-Test/MyProject/Saved/Config/Windows/Scalability.ini]
[2024.03.08-00.50.07:666][  0]LogConfig: Setting CVar [[r.HairStrands.SkyLighting.IntegrationType:2]]
[2024.03.08-00.50.07:666][  0]LogConfig: Setting CVar [[r.HairStrands.SkyAO.SampleCount:4]]
[2024.03.08-00.50.07:666][  0]LogConfig: Setting CVar [[r.HairStrands.Visibility.MSAA.SamplePerPixel:4]]
[2024.03.08-00.50.07:666][  0]LogInit: Selected Device Profile: [Windows]
[2024.03.08-00.50.07:666][  0]LogInit: Applying CVar settings loaded from the selected device profile: [Windows]
[2024.03.08-00.50.07:666][  0]LogHAL: Display: Platform has ~ 64 GB [68598738944 / 68719476736 / 64], which maps to Largest [LargestMinGB=32, LargerMinGB=12, DefaultMinGB=8, SmallerMinGB=6, SmallestMinGB=0)
[2024.03.08-00.50.07:666][  0]LogInit: Going up to parent DeviceProfile []
[2024.03.08-00.50.07:666][  0]LogConfig: Applying CVar settings from Section [ViewDistanceQuality@3] File [C:/Users/gamem/Documents/GitHub/Unreal-Engine-Test/MyProject/Saved/Config/Windows/Scalability.ini]
[2024.03.08-00.50.07:666][  0]LogConfig: Setting CVar [[r.SkeletalMeshLODBias:0]]
[2024.03.08-00.50.07:666][  0]LogConfig: Setting CVar [[r.ViewDistanceScale:1.0]]
[2024.03.08-00.50.07:666][  0]LogConfig: Applying CVar settings from Section [AntiAliasingQuality@3] File [C:/Users/gamem/Documents/GitHub/Unreal-Engine-Test/MyProject/Saved/Config/Windows/Scalability.ini]
[2024.03.08-00.50.07:666][  0]LogConfig: Setting CVar [[r.PostProcessAAQuality:4]]
[2024.03.08-00.50.07:666][  0]LogConfig: Applying CVar settings from Section [ShadowQuality@3] File [C:/Users/gamem/Documents/GitHub/Unreal-Engine-Test/MyProject/Saved/Config/Windows/Scalability.ini]
[2024.03.08-00.50.07:666][  0]LogConfig: Setting CVar [[r.LightFunctionQuality:1]]
[2024.03.08-00.50.07:666][  0]LogConfig: Setting CVar [[r.ShadowQuality:5]]
[2024.03.08-00.50.07:666][  0]LogConfig: Setting CVar [[r.Shadow.CSM.MaxCascades:10]]
[2024.03.08-00.50.07:666][  0]LogConfig: Setting CVar [[r.Shadow.MaxResolution:2048]]
[2024.03.08-00.50.07:666][  0]LogConfig: Setting CVar [[r.Shadow.MaxCSMResolution:2048]]
[2024.03.08-00.50.07:666][  0]LogConfig: Setting CVar [[r.Shadow.RadiusThreshold:0.01]]
[2024.03.08-00.50.07:666][  0]LogConfig: Setting CVar [[r.Shadow.DistanceScale:1.0]]
[2024.03.08-00.50.07:666][  0]LogConfig: Setting CVar [[r.Shadow.CSM.TransitionScale:1.0]]
[2024.03.08-00.50.07:666][  0]LogConfig: Setting CVar [[r.Shadow.PreShadowResolutionFactor:1.0]]
[2024.03.08-00.50.07:666][  0]LogConfig: Setting CVar [[r.DistanceFieldShadowing:1]]
[2024.03.08-00.50.07:666][  0]LogConfig: Setting CVar [[r.DistanceFieldAO:1]]
[2024.03.08-00.50.07:666][  0]LogConfig: Setting CVar [[r.AOQuality:2]]
[2024.03.08-00.50.07:666][  0]LogConfig: Setting CVar [[r.VolumetricFog:1]]
[2024.03.08-00.50.07:666][  0]LogConfig: Setting CVar [[r.VolumetricFog.GridPixelSize:8]]
[2024.03.08-00.50.07:666][  0]LogConfig: Setting CVar [[r.VolumetricFog.GridSizeZ:128]]
[2024.03.08-00.50.07:666][  0]LogConfig: Setting CVar [[r.VolumetricFog.HistoryMissSupersampleCount:4]]
[2024.03.08-00.50.07:666][  0]LogConfig: Setting CVar [[r.LightMaxDrawDistanceScale:1]]
[2024.03.08-00.50.07:666][  0]LogConfig: Setting CVar [[r.CapsuleShadows:1]]
[2024.03.08-00.50.07:666][  0]LogConfig: Applying CVar settings from Section [PostProcessQuality@3] File [C:/Users/gamem/Documents/GitHub/Unreal-Engine-Test/MyProject/Saved/Config/Windows/Scalability.ini]
[2024.03.08-00.50.07:666][  0]LogConfig: Setting CVar [[r.MotionBlurQuality:4]]
[2024.03.08-00.50.07:666][  0]LogConfig: Setting CVar [[r.AmbientOcclusionMipLevelFactor:0.4]]
[2024.03.08-00.50.07:666][  0]LogConfig: Setting CVar [[r.AmbientOcclusionMaxQuality:100]]
[2024.03.08-00.50.07:666][  0]LogConfig: Setting CVar [[r.AmbientOcclusionLevels:-1]]
[2024.03.08-00.50.07:666][  0]LogConfig: Setting CVar [[r.AmbientOcclusionRadiusScale:1.0]]
[2024.03.08-00.50.07:666][  0]LogConfig: Setting CVar [[r.DepthOfFieldQuality:2]]
[2024.03.08-00.50.07:666][  0]LogConfig: Setting CVar [[r.RenderTargetPoolMin:400]]
[2024.03.08-00.50.07:666][  0]LogConfig: Setting CVar [[r.LensFlareQuality:2]]
[2024.03.08-00.50.07:666][  0]LogConfig: Setting CVar [[r.SceneColorFringeQuality:1]]
[2024.03.08-00.50.07:666][  0]LogConfig: Setting CVar [[r.EyeAdaptationQuality:2]]
[2024.03.08-00.50.07:666][  0]LogConfig: Setting CVar [[r.BloomQuality:5]]
[2024.03.08-00.50.07:666][  0]LogConfig: Setting CVar [[r.FastBlurThreshold:100]]
[2024.03.08-00.50.07:666][  0]LogConfig: Setting CVar [[r.Upscale.Quality:3]]
[2024.03.08-00.50.07:666][  0]LogConfig: Setting CVar [[r.Tonemapper.GrainQuantization:1]]
[2024.03.08-00.50.07:666][  0]LogConfig: Setting CVar [[r.LightShaftQuality:1]]
[2024.03.08-00.50.07:666][  0]LogConfig: Setting CVar [[r.Filter.SizeScale:1]]
[2024.03.08-00.50.07:666][  0]LogConfig: Setting CVar [[r.Tonemapper.Quality:5]]
[2024.03.08-00.50.07:666][  0]LogConfig: Setting CVar [[r.DOF.Gather.AccumulatorQuality:1        ; higher gathering accumulator quality]]
[2024.03.08-00.50.07:666][  0]LogConfig: Setting CVar [[r.DOF.Gather.PostfilterMethod:1          ; Median3x3 postfilering method]]
[2024.03.08-00.50.07:666][  0]LogConfig: Setting CVar [[r.DOF.Gather.EnableBokehSettings:0       ; no bokeh simulation when gathering]]
[2024.03.08-00.50.07:666][  0]LogConfig: Setting CVar [[r.DOF.Gather.RingCount:4                 ; medium number of samples when gathering]]
[2024.03.08-00.50.07:666][  0]LogConfig: Setting CVar [[r.DOF.Scatter.ForegroundCompositing:1    ; additive foreground scattering]]
[2024.03.08-00.50.07:666][  0]LogConfig: Setting CVar [[r.DOF.Scatter.BackgroundCompositing:2    ; additive background scattering]]
[2024.03.08-00.50.07:666][  0]LogConfig: Setting CVar [[r.DOF.Scatter.EnableBokehSettings:1      ; bokeh simulation when scattering]]
[2024.03.08-00.50.07:666][  0]LogConfig: Setting CVar [[r.DOF.Scatter.MaxSpriteRatio:0.1         ; only a maximum of 10% of scattered bokeh]]
[2024.03.08-00.50.07:666][  0]LogConfig: Setting CVar [[r.DOF.Recombine.Quality:1                ; cheap slight out of focus]]
[2024.03.08-00.50.07:666][  0]LogConfig: Setting CVar [[r.DOF.Recombine.EnableBokehSettings:0    ; no bokeh simulation on slight out of focus]]
[2024.03.08-00.50.07:666][  0]LogConfig: Setting CVar [[r.DOF.TemporalAAQuality:1                ; more stable temporal accumulation]]
[2024.03.08-00.50.07:666][  0]LogConfig: Setting CVar [[r.DOF.Kernel.MaxForegroundRadius:0.025]]
[2024.03.08-00.50.07:666][  0]LogConfig: Setting CVar [[r.DOF.Kernel.MaxBackgroundRadius:0.025]]
[2024.03.08-00.50.07:666][  0]LogConfig: Applying CVar settings from Section [TextureQuality@3] File [C:/Users/gamem/Documents/GitHub/Unreal-Engine-Test/MyProject/Saved/Config/Windows/Scalability.ini]
[2024.03.08-00.50.07:666][  0]LogConfig: Setting CVar [[r.Streaming.MipBias:0]]
[2024.03.08-00.50.07:666][  0]LogConfig: Setting CVar [[r.Streaming.AmortizeCPUToGPUCopy:0]]
[2024.03.08-00.50.07:666][  0]LogConfig: Setting CVar [[r.Streaming.MaxNumTexturesToStreamPerFrame:0]]
[2024.03.08-00.50.07:666][  0]LogConfig: Setting CVar [[r.Streaming.Boost:1]]
[2024.03.08-00.50.07:666][  0]LogConfig: Setting CVar [[r.MaxAnisotropy:8]]
[2024.03.08-00.50.07:666][  0]LogConfig: Setting CVar [[r.VT.MaxAnisotropy:8]]
[2024.03.08-00.50.07:666][  0]LogConfig: Setting CVar [[r.Streaming.LimitPoolSizeToVRAM:0]]
[2024.03.08-00.50.07:666][  0]LogConfig: Setting CVar [[r.Streaming.PoolSize:1000]]
[2024.03.08-00.50.07:666][  0]LogConfig: Setting CVar [[r.Streaming.MaxEffectiveScreenSize:0]]
[2024.03.08-00.50.07:666][  0]LogConfig: Applying CVar settings from Section [EffectsQuality@3] File [C:/Users/gamem/Documents/GitHub/Unreal-Engine-Test/MyProject/Saved/Config/Windows/Scalability.ini]
[2024.03.08-00.50.07:666][  0]LogConfig: Setting CVar [[r.TranslucencyLightingVolumeDim:64]]
[2024.03.08-00.50.07:666][  0]LogConfig: Setting CVar [[r.RefractionQuality:2]]
[2024.03.08-00.50.07:666][  0]LogConfig: Setting CVar [[r.SSR.Quality:3]]
[2024.03.08-00.50.07:666][  0]LogConfig: Setting CVar [[r.SSR.HalfResSceneColor:0]]
[2024.03.08-00.50.07:666][  0]LogConfig: Setting CVar [[r.SceneColorFormat:4]]
[2024.03.08-00.50.07:666][  0]LogConfig: Setting CVar [[r.DetailMode:2]]
[2024.03.08-00.50.07:666][  0]LogConfig: Setting CVar [[r.TranslucencyVolumeBlur:1]]
[2024.03.08-00.50.07:666][  0]LogConfig: Setting CVar [[r.MaterialQualityLevel:1 ; High quality]]
[2024.03.08-00.50.07:666][  0]LogConfig: Setting CVar [[r.AnisotropicMaterials:1]]
[2024.03.08-00.50.07:666][  0]LogConfig: Setting CVar [[r.SSS.Scale:1]]
[2024.03.08-00.50.07:666][  0]LogConfig: Setting CVar [[r.SSS.SampleSet:2]]
[2024.03.08-00.50.07:666][  0]LogConfig: Setting CVar [[r.SSS.Quality:1]]
[2024.03.08-00.50.07:666][  0]LogConfig: Setting CVar [[r.SSS.HalfRes:0]]
[2024.03.08-00.50.07:666][  0]LogConfig: Setting CVar [[r.SSGI.Quality:3]]
[2024.03.08-00.50.07:666][  0]LogConfig: Setting CVar [[r.EmitterSpawnRateScale:1.0]]
[2024.03.08-00.50.07:667][  0]LogConfig: Setting CVar [[r.ParticleLightQuality:2]]
[2024.03.08-00.50.07:667][  0]LogConfig: Setting CVar [[r.SkyAtmosphere.AerialPerspectiveLUT.FastApplyOnOpaque:1 ; Always have FastSkyLUT 1 in this case to avoid wrong sky]]
[2024.03.08-00.50.07:667][  0]LogConfig: Setting CVar [[r.SkyAtmosphere.AerialPerspectiveLUT.SampleCountMaxPerSlice:4]]
[2024.03.08-00.50.07:667][  0]LogConfig: Setting CVar [[r.SkyAtmosphere.AerialPerspectiveLUT.DepthResolution:16.0]]
[2024.03.08-00.50.07:667][  0]LogConfig: Setting CVar [[r.SkyAtmosphere.FastSkyLUT:1]]
[2024.03.08-00.50.07:667][  0]LogConfig: Setting CVar [[r.SkyAtmosphere.FastSkyLUT.SampleCountMin:4.0]]
[2024.03.08-00.50.07:667][  0]LogConfig: Setting CVar [[r.SkyAtmosphere.FastSkyLUT.SampleCountMax:128.0]]
[2024.03.08-00.50.07:667][  0]LogConfig: Setting CVar [[r.SkyAtmosphere.SampleCountMin:4.0]]
[2024.03.08-00.50.07:667][  0]LogConfig: Setting CVar [[r.SkyAtmosphere.SampleCountMax:128.0]]
[2024.03.08-00.50.07:667][  0]LogConfig: Setting CVar [[r.SkyAtmosphere.TransmittanceLUT.UseSmallFormat:0]]
[2024.03.08-00.50.07:667][  0]LogConfig: Setting CVar [[r.SkyAtmosphere.TransmittanceLUT.SampleCount:10.0]]
[2024.03.08-00.50.07:667][  0]LogConfig: Setting CVar [[r.SkyAtmosphere.MultiScatteringLUT.SampleCount:15.0]]
[2024.03.08-00.50.07:667][  0]LogConfig: Setting CVar [[r.SkyLight.RealTimeReflectionCapture:1]]
[2024.03.08-00.50.07:667][  0]LogConfig: Applying CVar settings from Section [FoliageQuality@3] File [C:/Users/gamem/Documents/GitHub/Unreal-Engine-Test/MyProject/Saved/Config/Windows/Scalability.ini]
[2024.03.08-00.50.07:667][  0]LogConfig: Setting CVar [[foliage.DensityScale:1.0]]
[2024.03.08-00.50.07:667][  0]LogConfig: Setting CVar [[grass.DensityScale:1.0]]
[2024.03.08-00.50.07:667][  0]LogConfig: Applying CVar settings from Section [ShadingQuality@3] File [C:/Users/gamem/Documents/GitHub/Unreal-Engine-Test/MyProject/Saved/Config/Windows/Scalability.ini]
[2024.03.08-00.50.07:667][  0]LogConfig: Setting CVar [[r.HairStrands.SkyLighting.IntegrationType:2]]
[2024.03.08-00.50.07:667][  0]LogConfig: Setting CVar [[r.HairStrands.SkyAO.SampleCount:4]]
[2024.03.08-00.50.07:667][  0]LogConfig: Setting CVar [[r.HairStrands.Visibility.MSAA.SamplePerPixel:4]]
[2024.03.08-00.50.07:667][  0]LogConfig: Applying CVar settings from Section [Startup] File [../../../Engine/Config/ConsoleVariables.ini]
[2024.03.08-00.50.07:667][  0]LogConfig: Setting CVar [[net.UseAdaptiveNetUpdateFrequency:0]]
[2024.03.08-00.50.07:667][  0]LogConfig: Setting CVar [[p.chaos.AllowCreatePhysxBodies:1]]
[2024.03.08-00.50.07:667][  0]LogConfig: Setting CVar [[fx.SkipVectorVMBackendOptimizations:1]]
[2024.03.08-00.50.07:667][  0]LogConfig: Applying CVar settings from Section [ConsoleVariables] File [C:/Users/gamem/Documents/GitHub/Unreal-Engine-Test/MyProject/Saved/Config/Windows/Engine.ini]
[2024.03.08-00.50.07:667][  0]LogConfig: Applying CVar settings from Section [ConsoleVariables] File [C:/Users/gamem/Documents/GitHub/Unreal-Engine-Test/MyProject/Saved/Config/Windows/Editor.ini]
[2024.03.08-00.50.07:667][  0]LogInit: Computer: DESKTOP-9926RN6
[2024.03.08-00.50.07:667][  0]LogInit: User: gamem
[2024.03.08-00.50.07:667][  0]LogInit: CPU Page size=4096, Cores=12
[2024.03.08-00.50.07:667][  0]LogInit: High frequency timer resolution =10.000000 MHz
[2024.03.08-00.50.07:667][  0]LogMemory: Memory total: Physical=63.9GB (64GB approx)
[2024.03.08-00.50.07:667][  0]LogMemory: Platform Memory Stats for Windows
[2024.03.08-00.50.07:667][  0]LogMemory: Process Physical Memory: 149.01 MB used, 149.01 MB peak
[2024.03.08-00.50.07:667][  0]LogMemory: Process Virtual Memory: 126.04 MB used, 126.04 MB peak
[2024.03.08-00.50.07:667][  0]LogMemory: Physical Memory: 19330.34 MB used,  46090.52 MB free, 65420.86 MB total
[2024.03.08-00.50.07:667][  0]LogMemory: Virtual Memory: 134165856.00 MB used,  51868.56 MB free, 134217728.00 MB total
[2024.03.08-00.50.07:672][  0]LogWindows: WindowsPlatformFeatures enabled
[2024.03.08-00.50.07:706][  0]LogInit: Physics initialised using underlying interface: PhysX
[2024.03.08-00.50.07:706][  0]LogInit: Using OS detected language (en-US).
[2024.03.08-00.50.07:706][  0]LogInit: Using OS detected locale (en-US).
[2024.03.08-00.50.07:714][  0]LogTextLocalizationManager: No specific localization for 'en-US' exists, so the 'en' localization will be used.
[2024.03.08-00.50.07:895][  0]LogInit: Setting process to per monitor DPI aware
[2024.03.08-00.50.07:906][  0]LogWindowsTextInputMethodSystem: Display: IME system deactivated.
[2024.03.08-00.50.07:920][  0]LogSlate: New Slate User Created.  User Index 0, Is Virtual User: 0
[2024.03.08-00.50.07:920][  0]LogSlate: Slate User Registered.  User Index 0, Is Virtual User: 0
[2024.03.08-00.50.08:045][  0]LogD3D12RHI: Aftermath initialized
[2024.03.08-00.50.08:046][  0]LogD3D12RHI: Loading WinPixEventRuntime.dll for PIX profiling (from ../../../Engine/Binaries/ThirdParty/Windows/WinPixEventRuntime/x64).
[2024.03.08-00.50.08:054][  0]LogHMD: Failed to initialize OpenVR with code 110
[2024.03.08-00.50.08:229][  0]LogD3D12RHI: Found D3D12 adapter 0: NVIDIA GeForce RTX 3060 (Max supported Feature Level 12_1)
[2024.03.08-00.50.08:229][  0]LogD3D12RHI: Adapter has 12129MB of dedicated video memory, 0MB of dedicated system memory, and 32710MB of shared system memory, 2 output[s]
[2024.03.08-00.50.08:242][  0]LogD3D12RHI: Found D3D12 adapter 1: Microsoft Basic Render Driver (Max supported Feature Level 12_1)
[2024.03.08-00.50.08:242][  0]LogD3D12RHI: Adapter has 0MB of dedicated video memory, 0MB of dedicated system memory, and 32710MB of shared system memory, 0 output[s]
[2024.03.08-00.50.08:242][  0]LogD3D12RHI: Forcing D3D12.AsyncDeferredDeletion=0 as a workaround for a deadlock.
[2024.03.08-00.50.08:243][  0]LogD3D12RHI: Chosen D3D12 Adapter Id = 0
[2024.03.08-00.50.08:254][  0]LogD3D12RHI: InitD3DDevice: -D3DDebug = off -D3D12GPUValidation = off
[2024.03.08-00.50.08:254][  0]LogD3D12RHI: Emitting draw events for PIX profiling.
[2024.03.08-00.50.08:360][  0]LogD3D12RHI: The system supports ID3D12Device1.
[2024.03.08-00.50.08:360][  0]LogD3D12RHI: The system supports ID3D12Device2.
[2024.03.08-00.50.08:360][  0]LogD3D12RHI: The system supports ID3D12Device5.
[2024.03.08-00.50.08:360][  0]LogD3D12RHI: The system supports ID3D12Device7.
[2024.03.08-00.50.08:360][  0]LogD3D12RHI: D3D12 ray tracing 1.0 is supported.
[2024.03.08-00.50.08:360][  0]LogD3D12RHI: D3D12 ray tracing 1.1 is supported.
[2024.03.08-00.50.08:403][  0]LogD3D12RHI: [GPUBreadCrumb] Successfully setup breadcrumb resource for 3D Queue 0
[2024.03.08-00.50.08:411][  0]LogD3D12RHI: [GPUBreadCrumb] Successfully setup breadcrumb resource for Copy Queue 0
[2024.03.08-00.50.08:428][  0]LogD3D12RHI: [GPUBreadCrumb] Successfully setup breadcrumb resource for Compute Queue 0
[2024.03.08-00.50.08:457][  0]LogD3D12RHI: Display: Not using pipeline state disk cache per r.D3D12.PSO.DiskCache=0
[2024.03.08-00.50.08:457][  0]LogD3D12RHI: Display: Not using driver-optimized pipeline state disk cache per r.D3D12.PSO.DriverOptimizedDiskCache=0
[2024.03.08-00.50.08:484][  0]LogD3D12RHI:     GPU DeviceId: 0x2504 (for the marketing name, search the web for "GPU Device Id")
[2024.03.08-00.50.08:484][  0]LogWindows: EnumDisplayDevices:
[2024.03.08-00.50.08:484][  0]LogWindows:    0. 'NVIDIA GeForce RTX 3060' (P:1 D:1)
[2024.03.08-00.50.08:484][  0]LogWindows:    1. 'NVIDIA GeForce RTX 3060' (P:0 D:1)
[2024.03.08-00.50.08:484][  0]LogWindows:    2. 'NVIDIA GeForce RTX 3060' (P:0 D:0)
[2024.03.08-00.50.08:484][  0]LogWindows:    3. 'NVIDIA GeForce RTX 3060' (P:0 D:0)
[2024.03.08-00.50.08:484][  0]LogWindows: DebugString: FoundDriverCount:4 
[2024.03.08-00.50.08:484][  0]LogD3D12RHI:     Adapter Name: NVIDIA GeForce RTX 3060
[2024.03.08-00.50.08:484][  0]LogD3D12RHI:   Driver Version: 546.29 (internal:31.0.15.4629, unified:546.29)
[2024.03.08-00.50.08:484][  0]LogD3D12RHI:      Driver Date: 11-29-2023
[2024.03.08-00.50.08:484][  0]LogRHI: Texture pool is 7157 MB (70% of 10224 MB)
[2024.03.08-00.50.08:485][  0]LogD3D12RHI: Async texture creation enabled
[2024.03.08-00.50.08:485][  0]LogD3D12RHI: RHI has support for 64 bit atomics
[2024.03.08-00.50.08:497][  0]LogRHI: GeForceNow SDK initialized: 0
[2024.03.08-00.50.08:731][  0]LogTargetPlatformManager: Display: Loaded TargetPlatform 'AllDesktop'
[2024.03.08-00.50.08:755][  0]LogTargetPlatformManager: Display: Loaded TargetPlatform 'Android'
[2024.03.08-00.50.08:755][  0]LogTargetPlatformManager: Display: Loaded TargetPlatform 'Android_ASTC'
[2024.03.08-00.50.08:755][  0]LogTargetPlatformManager: Display: Loaded TargetPlatform 'Android_DXT'
[2024.03.08-00.50.08:755][  0]LogTargetPlatformManager: Display: Loaded TargetPlatform 'Android_ETC2'
[2024.03.08-00.50.08:755][  0]LogTargetPlatformManager: Display: Loaded TargetPlatform 'AndroidClient'
[2024.03.08-00.50.08:755][  0]LogTargetPlatformManager: Display: Loaded TargetPlatform 'Android_ASTCClient'
[2024.03.08-00.50.08:755][  0]LogTargetPlatformManager: Display: Loaded TargetPlatform 'Android_DXTClient'
[2024.03.08-00.50.08:755][  0]LogTargetPlatformManager: Display: Loaded TargetPlatform 'Android_ETC2Client'
[2024.03.08-00.50.08:755][  0]LogTargetPlatformManager: Display: Loaded TargetPlatform 'Android_Multi'
[2024.03.08-00.50.08:755][  0]LogTargetPlatformManager: Display: Loaded TargetPlatform 'Android_MultiClient'
[2024.03.08-00.50.08:772][  0]LogTargetPlatformManager: Display: Loaded TargetPlatform 'IOSClient'
[2024.03.08-00.50.08:772][  0]LogTargetPlatformManager: Display: Loaded TargetPlatform 'IOS'
[2024.03.08-00.50.08:781][  0]LogTargetPlatformManager: Display: Loaded TargetPlatform 'Linux'
[2024.03.08-00.50.08:787][  0]LogTargetPlatformManager: Display: Loaded TargetPlatform 'LinuxNoEditor'
[2024.03.08-00.50.08:791][  0]LogTargetPlatformManager: Display: Loaded TargetPlatform 'LinuxClient'
[2024.03.08-00.50.08:795][  0]LogTargetPlatformManager: Display: Loaded TargetPlatform 'LinuxServer'
[2024.03.08-00.50.08:805][  0]LogTargetPlatformManager: Display: Loaded TargetPlatform 'LinuxAArch64NoEditor'
[2024.03.08-00.50.08:810][  0]LogTargetPlatformManager: Display: Loaded TargetPlatform 'LinuxAArch64Client'
[2024.03.08-00.50.08:814][  0]LogTargetPlatformManager: Display: Loaded TargetPlatform 'LinuxAArch64Server'
[2024.03.08-00.50.08:838][  0]LogTargetPlatformManager: Display: Loaded TargetPlatform 'Lumin'
[2024.03.08-00.50.08:838][  0]LogTargetPlatformManager: Display: Loaded TargetPlatform 'LuminClient'
[2024.03.08-00.50.08:846][  0]LogTargetPlatformManager: Display: Loaded TargetPlatform 'MacNoEditor'
[2024.03.08-00.50.08:850][  0]LogTargetPlatformManager: Display: Loaded TargetPlatform 'Mac'
[2024.03.08-00.50.08:853][  0]LogTargetPlatformManager: Display: Loaded TargetPlatform 'MacClient'
[2024.03.08-00.50.08:857][  0]LogTargetPlatformManager: Display: Loaded TargetPlatform 'MacServer'
[2024.03.08-00.50.08:866][  0]LogTargetPlatformManager: Display: Loaded TargetPlatform 'TVOSClient'
[2024.03.08-00.50.08:866][  0]LogTargetPlatformManager: Display: Loaded TargetPlatform 'TVOS'
[2024.03.08-00.50.08:874][  0]LogTargetPlatformManager: Display: Loaded TargetPlatform 'WindowsNoEditor'
[2024.03.08-00.50.08:879][  0]LogTargetPlatformManager: Display: Loaded TargetPlatform 'Windows'
[2024.03.08-00.50.08:882][  0]LogTargetPlatformManager: Display: Loaded TargetPlatform 'WindowsClient'
[2024.03.08-00.50.08:886][  0]LogTargetPlatformManager: Display: Loaded TargetPlatform 'WindowsServer'
[2024.03.08-00.50.08:886][  0]LogTargetPlatformManager: Display: Building Assets For Windows
[2024.03.08-00.50.08:892][  0]LogAudioDebug: Display: Lib vorbis DLL was dynamically loaded.
[2024.03.08-00.50.08:921][  0]LogTextureFormatOodle: Display: Oodle Texture 2.9.0 init RDO Off
[2024.03.08-00.50.08:947][  0]LogRendererCore: Ray tracing is enabled for the editor. Reason: r.RayTracing=1.
[2024.03.08-00.50.08:947][  0]LogShaderCompilers: Guid format shader working directory is -30 characters bigger than the processId version (../../../../../../Users/gamem/Documents/GitHub/Unreal-Engine-Test/MyProject/Intermediate/Shaders/WorkingDirectory/38608/).
[2024.03.08-00.50.08:947][  0]LogShaderCompilers: Cleaned the shader compiler working directory 'C:/Users/gamem/AppData/Local/Temp/UnrealShaderWorkingDir/273FF04548582A9A864CE7ACDEA5BEE4/'.
[2024.03.08-00.50.08:948][  0]LogXGEController: Cannot use XGE Controller as Incredibuild is not installed on this machine.
[2024.03.08-00.50.08:948][  0]LogShaderCompilers: Cannot use XGE Shader Compiler as Incredibuild is not installed on this machine.
[2024.03.08-00.50.08:948][  0]LogShaderCompilers: Display: Using Local Shader Compiler.
[2024.03.08-00.50.09:543][  0]LogDerivedDataCache: Display: Max Cache Size: 512 MB
[2024.03.08-00.50.09:591][  0]LogDerivedDataCache: Loaded boot cache 0.05s 94MB C:/Users/gamem/AppData/Local/UnrealEngine/4.27/DerivedDataCache/Boot.ddc.
[2024.03.08-00.50.09:592][  0]LogDerivedDataCache: Display: Loaded Boot cache: C:/Users/gamem/AppData/Local/UnrealEngine/4.27/DerivedDataCache/Boot.ddc
[2024.03.08-00.50.09:592][  0]LogDerivedDataCache: FDerivedDataBackendGraph:  Pak pak cache file ../../../../../../Users/gamem/Documents/GitHub/Unreal-Engine-Test/MyProject/DerivedDataCache/DDC.ddp not found, will not use a pak cache.
[2024.03.08-00.50.09:592][  0]LogDerivedDataCache: Unable to find inner node Pak for hierarchical cache Hierarchy.
[2024.03.08-00.50.09:592][  0]LogDerivedDataCache: FDerivedDataBackendGraph:  CompressedPak pak cache file ../../../../../../Users/gamem/Documents/GitHub/Unreal-Engine-Test/MyProject/DerivedDataCache/Compressed.ddp not found, will not use a pak cache.
[2024.03.08-00.50.09:592][  0]LogDerivedDataCache: Unable to find inner node CompressedPak for hierarchical cache Hierarchy.
[2024.03.08-00.50.09:608][  0]LogDerivedDataCache: Display: Pak cache opened for reading ../../../Engine/DerivedDataCache/Compressed.ddp.
[2024.03.08-00.50.09:608][  0]LogDerivedDataCache: FDerivedDataBackendGraph:  EnterprisePak pak cache file ../../../Enterprise/DerivedDataCache/Compressed.ddp not found, will not use a pak cache.
[2024.03.08-00.50.09:608][  0]LogDerivedDataCache: Unable to find inner node EnterprisePak for hierarchical cache Hierarchy.
[2024.03.08-00.50.09:615][  0]LogDerivedDataCache: Speed tests for C:/Users/gamem/AppData/Local/UnrealEngine/Common/DerivedDataCache took 0.01 seconds
[2024.03.08-00.50.09:615][  0]LogDerivedDataCache: Display: Performance to C:/Users/gamem/AppData/Local/UnrealEngine/Common/DerivedDataCache: Latency=0.03ms. RandomReadSpeed=1070.82MBs, RandomWriteSpeed=160.57MBs. Assigned SpeedClass 'Local'
[2024.03.08-00.50.09:616][  0]LogDerivedDataCache: Using Local data cache path C:/Users/gamem/AppData/Local/UnrealEngine/Common/DerivedDataCache: Writable
[2024.03.08-00.50.09:616][  0]LogDerivedDataCache: Shared data cache path not found in *engine.ini, will not use an Shared cache.
[2024.03.08-00.50.09:616][  0]LogDerivedDataCache: Unable to find inner node Shared for hierarchical cache Hierarchy.
[2024.03.08-00.50.09:754][  0]LogSlate: Using FreeType 2.10.0
[2024.03.08-00.50.09:754][  0]LogSlate: SlateFontServices - WITH_FREETYPE: 1, WITH_HARFBUZZ: 1
[2024.03.08-00.50.09:775][  0]LogAssetRegistry: FAssetRegistry took 0.0021 seconds to start up
[2024.03.08-00.50.10:043][  0]LogInit: Selected Device Profile: [Windows]
[2024.03.08-00.50.10:043][  0]LogInit: Active device profile: [0000029598BE7700][00000295999EA900 49] Windows
[2024.03.08-00.50.10:043][  0]LogInit: Profiles: [0000029598BE7700][00000295999EA900 49] Windows, [0000029598BA4B00][00000295999F2A80 49] WindowsNoEditor, [0000029598BE4B00][00000295999F6C00 49] WindowsServer, [0000029598BA7000][00000295999FAD80 49] WindowsClient, [0000029598BE6F00][00000295999FEF00 49] IOS, [0000029598BA5300][0000029599A03080 49] iPadAir, [0000029598BE5200][0000029599A07200 49] iPadAir2, [0000029598B48100][0000029599A0F4C0 49] IPadPro, [0000029598B2FF00][0000029599A0B500 49] iPadAir3, [0000029598BE6B00][0000029599A13680 49] iPadAir4, [0000029598B2D000][0000029599A17800 49] iPadMini2, [0000029598BE5500][0000029599A1B980 49] iPadMini3, [0000029598B2EB00][0000029599A1FB00 49] iPadMini4, [0000029598BE6400][0000029599A22100 49] iPadMini5, [0000029598BA6B00][0000029599A26340 49] iPhone6, [0000029598BA6A00][00000295999EE380 49] iPodTouch6, [0000029598B2D100][0000029599A2E5C0 49] iPhone7, [0000029598B2D200][0000029599A2A600 49] iPodTouch7, [0000029598BA4E00][0000029599A36780 49] iPhone5S, [0000029598B2ED00][0000029599A3A900 49] iPhone6Plus, [0000029598BA6000][0000029599A3EA80 49] iPhone6S, [0000029598B2F500][0000029599A42C00 49] iPhone6SPlus, [0000029598BA7300][0000029599A46D80 49] iPhone7Plus, [0000029598B2E400][0000029599A4AF00 49] iPhoneSE, [0000029598BA5800][0000029599A4F080 49] iPhone8, [0000029598B2EA00][0000029599A53200 49] iPhone8Plus, [0000029598BA6E00][0000029599A57380 49] iPhoneX, [0000029598B2EE00][0000029599A5B500 49] iPhoneXS, [0000029598BA7200][0000029599A5F680 49] iPhoneXSMax, [0000029598B2CA00][0000029599A63800 49] iPhoneXR, [0000029598BA5400][0000029599A67980 49] iPhone11, [0000029598B2F700][0000029599A6BB00 49] iPhone11Pro, [0000029598BA4800][0000029599A6E100 49] iPhone11ProMax, [0000029598B2FB00][0000029599A72280 49] iPhoneSE2, [0000029598BA7100][0000029599A323C0 49] iPhone12Mini, [0000029598B2FD00][0000029599A76500 49] iPhone12, [0000029598BA5A00][0000029599A7A640 49] iPhone12Pro, [0000029598B2EC00][0000029599A7E780 49] iPhone12ProMax, [0000029598BA5700][0000029599A86900 49] iPadPro105, [0000029598B2E500][0000029599A8AA80 49] iPadPro129, [0000029598BA4500][0000029599A8EC00 49] iPadPro97, [0000029598B2F400][0000029599A92D80 49] iPadPro2_129, [0000029598BA6600][0000029599A96F00 49] iPad5, [0000029598B2DC00][0000029599A9B080 49] iPad6, [0000029598BA6900][0000029599AB1200 49] iPad7, [0000029598B2F200][0000029599AB5380 49] iPad8, [0000029598BA6D00][0000029599AB9500 49] iPadPro11, [0000029598B2C300][0000029599ABD680 49] iPadPro2_11, [0000029598BA4A00][0000029599AC1800 49] iPadPro3_129, [0000029598B2F000][0000029599AC5980 49] iPadPro4_129, [0000029598BA7600][0000029599AC9B00 49] AppleTV, [0000029598B2DB00][0000029599ACC100 49] AppleTV4K, [0000029598BA5C00][0000029599AD0280 49] TVOS, [0000029598B2F900][0000029599AD4400 49] Mac, [0000029598BA4C00][0000029599AD8580 49] MacClient, [0000029598B2CE00][0000029599A826C0 49] MacNoEditor, [0000029598BA7F00][0000029599ADC800 49] MacServer, [0000029598B2E300][0000029599AE0940 49] Linux, [0000029598BA4300][0000029599AE8AC0 49] LinuxAArch64, [0000029598C34500][0000029599AECC40 49] LinuxNoEditor, [0000029598B48200][0000029599AF0DC0 49] LinuxAArch64NoEditor, [0000029598C36300][0000029599AF4F40 49] LinuxClient, [0000029598B4B600][0000029599AF90C0 49] LinuxAArch64Client, [0000029598C34100][0000029599AFD240 49] LinuxServer, [0000029598B49200][0000029599B013C0 49] LinuxAArch64Server, [0000029598C35900][0000029599B05540 49] Android, [0000029598B4B100][0000029599B096C0 49] Android_Low, [0000029598C36400][0000029599B0D840 49] Android_Mid, [0000029598B4A200][0000029599B119C0 49] Android_High, [0000029598C34900][0000029599B15B40 49] Android_Default, [0000029598B4AA00][0000029599B18140 49] Android_Adreno4xx, [0000029598C35200][0000029599B1C2C0 49] Android_Adreno5xx_Low, [0000029598B49100][0000029599B20440 49] Android_Adreno5xx, [0000029598C35E00][0000029599B245C0 49] Android_Adreno6xx, [0000029598B49C00][0000029599B28740 49] Android_Adreno6xx_Vulkan, [0000029598C35800][0000029599AE4880 49] Android_Mali_T6xx, [0000029598B4B700][0000029599B2C9C0 49] Android_Mali_T7xx, [0000029598C36000][0000029599B30B00 49] Android_Mali_T8xx, [0000029598B49E00][0000029599B34C40 49] Android_Mali_G71, [0000029598C34200][0000029599B3CDC0 49] Android_Mali_G72, [0000029598B4A400][0000029599B40F40 49] Android_Mali_G72_Vulkan, [0000029598BA5600][0000029599B450C0 49] Android_Mali_G76, [0000029598B2C900][0000029599B49240 49] Android_Mali_G76_Vulkan, [0000029598BA7700][0000029599B4D3C0 49] Android_Mali_G77, [0000029598B2E200][0000029599B51540 49] Android_Mali_G77_Vulkan, [0000029598BA4100][0000029599B556C0 49] Android_Mali_G78, [0000029598B2D300][0000029599B59840 49] Android_Mali_G78_Vulkan, [0000029598BA5100][0000029599B5D9C0 49] Android_Mali_G710, [0000029598B2D700][0000029599B61B40 49] Android_Mali_G710_Vulkan, [0000029598BA5900][0000029599B64140 49] Android_Vulkan_SM5, [0000029598B2CB00][0000029599B682C0 49] Android_PowerVR_G6xxx, [0000029598BA5000][0000029599B6C440 49] Android_PowerVR_GT7xxx, [0000029598B2CC00][0000029599B705C0 49] Android_PowerVR_GE8xxx, [0000029598BA6500][0000029599B74740 49] Android_PowerVR_GM9xxx, [0000029598C35100][0000029599B788C0 49] Android_PowerVR_GM9xxx_Vulkan, [0000029598BA4700][0000029599B38A00 49] Android_TegraK1, [0000029598C35000][0000029599B7CB40 49] Android_Unknown_Vulkan, [0000029598BA5D00][0000029599B80C80 49] Lumin, [0000029598C35700][0000029599B84DC0 49] Lumin_Desktop, [0000029598BA4400][0000029599B8CF40 49] HoloLens, 
[2024.03.08-00.50.10:254][  0]LogMeshReduction: Using QuadricMeshReduction for automatic static mesh reduction
[2024.03.08-00.50.10:254][  0]LogMeshReduction: Using SimplygonMeshReduction for automatic skeletal mesh reduction
[2024.03.08-00.50.10:254][  0]LogMeshReduction: Using ProxyLODMeshReduction for automatic mesh merging
[2024.03.08-00.50.10:254][  0]LogMeshReduction: No distributed automatic mesh merging module available
[2024.03.08-00.50.10:254][  0]LogMeshMerging: No distributed automatic mesh merging module available
[2024.03.08-00.50.19:705][  0]LogNetVersion: MyProject 1.0.0, NetCL: 17155196, EngineNetVer: 17, GameNetVer: 0 (Checksum: 3629800737)
[2024.03.08-00.50.20:118][  0]LogTexture: Default maximum texture size for cubemaps generated from long-lat sources has been changed from 512 to unlimited. In order to preserve old behaiour for '/Engine/MapTemplates/Sky/DaylightAmbientCubemap.DaylightAmbientCubemap', its maximum texture size has been explicitly set to 512.
[2024.03.08-00.50.20:185][  0]LogHMD: PokeAHoleMaterial loaded successfully
[2024.03.08-00.50.20:190][  0]LogUObjectArray: 17178 objects as part of root set at end of initial load.
[2024.03.08-00.50.20:190][  0]LogUObjectAllocator: 4302048 out of 0 bytes used by permanent object pool.
[2024.03.08-00.50.20:190][  0]LogUObjectArray: CloseDisregardForGC: 0/0 objects in disregard for GC pool
[2024.03.08-00.50.20:411][  0]LogD3D12RHI: Creating RTPSO with 3 shaders (0 cached, 3 new) took 118.64 ms. Compile time 26.72 ms, link time 91.89 ms.
[2024.03.08-00.50.20:437][  0]LogD3D12RHI: Creating RTPSO with 3 shaders (1 cached, 2 new) took 26.18 ms. Compile time 7.59 ms, link time 18.57 ms.
[2024.03.08-00.50.20:685][  0]LogNiagaraDebuggerClient: Niagara Debugger Client Initialized | Session: DB4A812D48688F474F42C087FB7318C6 | Instance: 98375CB94BECA222E3CC6BB8D1591FC2 (DESKTOP-9926RN6-38608).
[2024.03.08-00.50.20:813][  0]LogPython: Using Python 3.7.7
[2024.03.08-00.50.21:223][  0]LogTcpMessaging: Initializing TcpMessaging bridge
[2024.03.08-00.50.21:240][  0]LogUdpMessaging: Initializing bridge on interface 0.0.0.0:0 to multicast group 230.0.0.1:6666.
[2024.03.08-00.50.21:396][  0]SourceControl: Source control is disabled
[2024.03.08-00.50.21:396][  0]SourceControl: Source control is disabled
[2024.03.08-00.50.21:398][  0]SourceControl: Source control is disabled
[2024.03.08-00.50.21:400][  0]SourceControl: Source control is disabled
[2024.03.08-00.50.21:408][  0]LogUProjectInfo: Found projects:
[2024.03.08-00.50.21:413][  0]SourceControl: Source control is disabled
[2024.03.08-00.50.21:617][  0]LogOpenImageDenoise: OIDN starting up
[2024.03.08-00.50.21:657][  0]LogAndroidPermission: UAndroidPermissionCallbackProxy::GetInstance
[2024.03.08-00.50.21:678][  0]LogAudioCaptureCore: Display: No Audio Capture implementations found. Audio input will be silent.
[2024.03.08-00.50.21:678][  0]LogAudioCaptureCore: Display: No Audio Capture implementations found. Audio input will be silent.
[2024.03.08-00.50.21:828][  0]LogCollectionManager: Loaded 0 collections in 0.001611 seconds
[2024.03.08-00.50.21:863][  0]LogFileCache: Scanning file cache for directory 'C:/Users/gamem/Documents/GitHub/Unreal-Engine-Test/MyProject/Saved/Collections/' took 0.00s
[2024.03.08-00.50.21:863][  0]LogFileCache: Scanning file cache for directory 'C:/Users/gamem/Documents/GitHub/Unreal-Engine-Test/MyProject/Content/Developers/gamem/Collections/' took 0.00s
[2024.03.08-00.50.21:864][  0]LogFileCache: Scanning file cache for directory 'C:/Users/gamem/Documents/GitHub/Unreal-Engine-Test/MyProject/Content/Collections/' took 0.00s
[2024.03.08-00.50.21:864][  0]LogOcInput: OculusInput pre-init called
[2024.03.08-00.50.26:654][  0]LogEngine: Initializing Engine...
[2024.03.08-00.50.29:060][  0]LogHMD: Failed to enumerate extensions. Please check that you have a valid OpenXR runtime installed.
[2024.03.08-00.50.29:060][  0]LogHMD: Failed to initialize OpenVR with code 110
[2024.03.08-00.50.29:060][  0]LogMagicLeap: Warning: VR disabled because ZI is not enabled.  To enable, in the editor, Edit -> Project Settings -> Plugins -> Magic Leap Plugin -> Enable Zero Iteration
[2024.03.08-00.50.29:061][  0]LogStats: UGameplayTagsManager::InitializeManager -  0.000 s
[2024.03.08-00.50.29:373][  0]LogInit: Initializing FReadOnlyCVARCache
[2024.03.08-00.50.29:380][  0]LogAIModule: Creating AISystem for world Untitled
[2024.03.08-00.50.29:380][  0]LogAudio: Display: Initializing Audio Device Manager...
[2024.03.08-00.50.29:383][  0]LogAudio: Display: Loading Default Audio Settings Objects...
[2024.03.08-00.50.29:383][  0]LogAudio: Display: No default SoundConcurrencyObject specified (or failed to load).
[2024.03.08-00.50.29:383][  0]LogAudio: Display: Audio Device Manager Initialized
[2024.03.08-00.50.29:383][  0]LogAudio: Display: Creating Audio Device:                 Id: 1, Scope: Shared, Realtime: True
[2024.03.08-00.50.29:383][  0]LogAudioMixer: Display: Audio Mixer Platform Settings:
[2024.03.08-00.50.29:384][  0]LogAudioMixer: Display: 	Sample Rate:						  48000
[2024.03.08-00.50.29:384][  0]LogAudioMixer: Display: 	Callback Buffer Frame Size Requested: 1024
[2024.03.08-00.50.29:384][  0]LogAudioMixer: Display: 	Callback Buffer Frame Size To Use:	  1024
[2024.03.08-00.50.29:384][  0]LogAudioMixer: Display: 	Number of buffers to queue:			  2
[2024.03.08-00.50.29:384][  0]LogAudioMixer: Display: 	Max Channels (voices):				  32
[2024.03.08-00.50.29:384][  0]LogAudioMixer: Display: 	Number of Async Source Workers:		  0
[2024.03.08-00.50.29:384][  0]LogAudio: Display: AudioDevice MaxSources: 32
[2024.03.08-00.50.29:384][  0]LogAudio: Display: Audio Spatialization Plugin: None (built-in).
[2024.03.08-00.50.29:384][  0]LogAudio: Display: Audio Reverb Plugin: None (built-in).
[2024.03.08-00.50.29:384][  0]LogAudio: Display: Audio Occlusion Plugin: None (built-in).
[2024.03.08-00.50.29:384][  0]LogAudioMixer: Display: Initializing audio mixer.
[2024.03.08-00.50.29:394][  0]LogAudioMixer: Display: 0: FrontLeft
[2024.03.08-00.50.29:394][  0]LogAudioMixer: Display: 1: FrontRight
[2024.03.08-00.50.29:420][  0]LogAudioMixer: Display: Using Audio Device Speakers (High Definition Audio Device)
[2024.03.08-00.50.29:422][  0]LogAudioMixer: Display: Initializing Sound Submixes...
[2024.03.08-00.50.29:425][  0]LogAudioMixer: Display: Creating Master Submix 'MasterSubmixDefault'
[2024.03.08-00.50.29:425][  0]LogAudioMixer: Display: Creating Master Submix 'MasterReverbSubmixDefault'
[2024.03.08-00.50.29:425][  0]LogAudioMixer: Display: Creating Master Submix 'MasterEQSubmixDefault'
[2024.03.08-00.50.29:425][  0]LogAudioMixer: FMixerPlatformXAudio2::StartAudioStream() called
[2024.03.08-00.50.29:425][  0]LogAudioMixer: Display: Output buffers initialized: Frames=1024, Channels=2, Samples=2048
[2024.03.08-00.50.29:426][  0]LogAudioMixer: Display: Starting AudioMixerPlatformInterface::RunInternal()
[2024.03.08-00.50.29:426][  0]LogAudioMixer: Display: FMixerPlatformXAudio2::SubmitBuffer() called for the first time
[2024.03.08-00.50.29:426][  0]LogInit: FAudioDevice initialized.
[2024.03.08-00.50.29:426][  0]LogAudio: Display: Audio Device (ID: 1) registered with world 'Untitled'.
[2024.03.08-00.50.29:426][  0]LogNetVersion: Set ProjectVersion to 1.0.0.0. Version Checksum will be recalculated on next use.
[2024.03.08-00.50.29:485][  0]LogDerivedDataCache: Saved boot cache 0.06s 133MB C:/Users/gamem/AppData/Local/UnrealEngine/4.27/DerivedDataCache/Boot.ddc.
[2024.03.08-00.50.29:488][  0]LogInit: Texture streaming: Enabled
[2024.03.08-00.50.29:499][  0]LogAnalytics: Display: [UEEditor.Rocket.Release] APIServer = https://datarouter.ol.epicgames.com/. AppVersion = 4.27.2-18319896+++UE4+Release-4.27
[2024.03.08-00.50.29:502][  0]LogEngineSessionManager: EngineSessionManager initialized
[2024.03.08-00.50.29:502][  0]LogEditorSessionSummary: Verbose: Initializing EditorSessionSummaryWriter for editor session tracking
[2024.03.08-00.50.29:504][  0]LogEditorSessionSummary: EditorSessionSummaryWriter initialized
[2024.03.08-00.50.29:522][  0]LogInit: Transaction tracking system initialized
[2024.03.08-00.50.29:540][  0]BlueprintLog: New page: Editor Load
[2024.03.08-00.50.29:610][  0]LocalizationService: Localization service is disabled
[2024.03.08-00.50.29:631][  0]TimingProfiler: Initialize
[2024.03.08-00.50.29:631][  0]TimingProfiler: OnSessionChanged
[2024.03.08-00.50.29:631][  0]LoadingProfiler: Initialize
[2024.03.08-00.50.29:631][  0]LoadingProfiler: OnSessionChanged
[2024.03.08-00.50.29:631][  0]NetworkingProfiler: Initialize
[2024.03.08-00.50.29:631][  0]NetworkingProfiler: OnSessionChanged
[2024.03.08-00.50.29:631][  0]MemoryProfiler: Initialize
[2024.03.08-00.50.29:631][  0]MemoryProfiler: OnSessionChanged
[2024.03.08-00.50.29:880][  0]LogFileCache: Scanning file cache for directory 'C:/Users/gamem/Documents/GitHub/Unreal-Engine-Test/MyProject/Content/' took 0.00s
[2024.03.08-00.50.29:880][  0]LogCook: Display: CookSettings for Memory: MemoryMaxUsedVirtual 0MiB, MemoryMaxUsedPhysical 16384MiB, MemoryMinFreeVirtual 0MiB, MemoryMinFreePhysical 1024MiB
[2024.03.08-00.50.29:880][  0]LogCook: Display: Mobile HDR setting 1
[2024.03.08-00.50.30:180][  0]LogInit: Display: Engine is initialized. Leaving FEngineLoop::Init()
[2024.03.08-00.50.30:184][  0]SourceControl: Source control is disabled
[2024.03.08-00.50.30:184][  0]LogUnrealEdMisc: Loading editor; pre map load, took 23.497
[2024.03.08-00.50.30:184][  0]Cmd: MAP LOAD FILE="../../../Engine/Content/Maps/Templates/Template_Default.umap" TEMPLATE=1 SHOWPROGRESS=1 FEATURELEVEL=3
[2024.03.08-00.50.30:185][  0]LightingResults: New page: Lighting Build
[2024.03.08-00.50.30:186][  0]LogWorld: UWorld::CleanupWorld for Untitled, bSessionEnded=true, bCleanupResources=true
[2024.03.08-00.50.30:186][  0]LogSlate: InvalidateAllWidgets triggered.  All widgets were invalidated
[2024.03.08-00.50.30:187][  0]MapCheck: New page: Map Check
[2024.03.08-00.50.30:187][  0]LightingResults: New page: Lighting Build
[2024.03.08-00.50.30:190][  0]LogAudio: Display: Audio Device unregistered from world 'None'.
[2024.03.08-00.50.30:193][  0]LogUObjectHash: Compacting FUObjectHashTables data took   0.67ms
[2024.03.08-00.50.30:241][  0]LogTexture: Display: Building textures: DeprecatedTextureEB9CBE3C423008B5E8E130901E171C89 (BGRA8, 128X128)
[2024.03.08-00.50.30:244][  0]LogAudio: Display: Audio Device (ID: 1) registered with world 'Untitled_1'.
[2024.03.08-00.50.30:244][  0]LogAIModule: Creating AISystem for world Untitled_1
[2024.03.08-00.50.30:247][  0]LogEditorServer: Finished looking for orphan Actors (0.000 secs)
[2024.03.08-00.50.30:283][  0]LogUObjectHash: Compacting FUObjectHashTables data took   0.70ms
[2024.03.08-00.50.30:283][  0]Cmd: MAP CHECKDEP NOCLEARLOG
[2024.03.08-00.50.30:284][  0]MapCheck: Map check complete: 0 Error(s), 0 Warning(s), took 0.175ms to complete.
[2024.03.08-00.50.30:284][  0]LogFileHelpers: Loading map 'Template_Default' took 0.099
[2024.03.08-00.50.30:286][  0]LogUnrealEdMisc: Total Editor Startup Time, took 23.598
[2024.03.08-00.50.30:413][  0]LogSlate: Updating window title bar state: overlay mode, drag disabled, window buttons hidden, title bar hidden
[2024.03.08-00.50.30:418][  0]LogSlate: Updating window title bar state: overlay mode, drag disabled, window buttons hidden, title bar hidden
[2024.03.08-00.50.30:422][  0]LogSlate: Updating window title bar state: overlay mode, drag disabled, window buttons hidden, title bar hidden
[2024.03.08-00.50.30:426][  0]LogSlate: Updating window title bar state: overlay mode, drag disabled, window buttons hidden, title bar hidden
[2024.03.08-00.50.30:443][  0]LogNativeClassHierarchy: Verbose: Native class hierarchy populated in 0.0088 seconds. Added 3823 classes and 930 folders.
[2024.03.08-00.50.30:445][  0]LogNativeClassHierarchy: Verbose: Native class hierarchy updated for 'WidgetCarousel' in 0.0003 seconds. Added 0 classes and 0 folders.
[2024.03.08-00.50.30:447][  0]LogPakFile: PakFile PrimaryIndexSize=187
[2024.03.08-00.50.30:447][  0]LogPakFile: PakFile PathHashIndexSize=101
[2024.03.08-00.50.30:447][  0]LogPakFile: PakFile FullDirectoryIndexSize=148
[2024.03.08-00.50.30:447][  0]LogShaderLibrary: Display: ShaderCodeLibraryPakFileMountedCallback: PakFile 'C:/Program Files/Epic Games/UE_4.27/FeaturePacks/FP_FirstPerson.upack' (chunk index -1, root 'root:/') mounted
[2024.03.08-00.50.30:447][  0]LogShaderLibrary: Display: ShaderCodeLibraryPakFileMountedCallback: pending pak file info (ChunkID:-1 Root:root:/ File:C:/Program Files/Epic Games/UE_4.27/FeaturePacks/FP_FirstPerson.upack)
[2024.03.08-00.50.30:447][  0]LogPakFile: OnPakFileMounted2Time == 0.000045
[2024.03.08-00.50.30:447][  0]LogPakFile: PakFile PrimaryIndexSize=189
[2024.03.08-00.50.30:447][  0]LogPakFile: PakFile PathHashIndexSize=101
[2024.03.08-00.50.30:447][  0]LogPakFile: PakFile FullDirectoryIndexSize=152
[2024.03.08-00.50.30:447][  0]LogShaderLibrary: Display: ShaderCodeLibraryPakFileMountedCallback: PakFile 'C:/Program Files/Epic Games/UE_4.27/FeaturePacks/FP_FirstPersonBP.upack' (chunk index -1, root 'root:/') mounted
[2024.03.08-00.50.30:447][  0]LogShaderLibrary: Display: ShaderCodeLibraryPakFileMountedCallback: pending pak file info (ChunkID:-1 Root:root:/ File:C:/Program Files/Epic Games/UE_4.27/FeaturePacks/FP_FirstPersonBP.upack)
[2024.03.08-00.50.30:447][  0]LogPakFile: OnPakFileMounted2Time == 0.000032
[2024.03.08-00.50.30:448][  0]LogPakFile: PakFile PrimaryIndexSize=191
[2024.03.08-00.50.30:448][  0]LogPakFile: PakFile PathHashIndexSize=101
[2024.03.08-00.50.30:448][  0]LogPakFile: PakFile FullDirectoryIndexSize=160
[2024.03.08-00.50.30:448][  0]LogShaderLibrary: Display: ShaderCodeLibraryPakFileMountedCallback: PakFile 'C:/Program Files/Epic Games/UE_4.27/FeaturePacks/MobileStarterContent.upack' (chunk index -1, root 'root:/') mounted
[2024.03.08-00.50.30:448][  0]LogShaderLibrary: Display: ShaderCodeLibraryPakFileMountedCallback: pending pak file info (ChunkID:-1 Root:root:/ File:C:/Program Files/Epic Games/UE_4.27/FeaturePacks/MobileStarterContent.upack)
[2024.03.08-00.50.30:448][  0]LogPakFile: OnPakFileMounted2Time == 0.000025
[2024.03.08-00.50.30:448][  0]LogPakFile: PakFile PrimaryIndexSize=185
[2024.03.08-00.50.30:448][  0]LogPakFile: PakFile PathHashIndexSize=101
[2024.03.08-00.50.30:448][  0]LogPakFile: PakFile FullDirectoryIndexSize=148
[2024.03.08-00.50.30:448][  0]LogShaderLibrary: Display: ShaderCodeLibraryPakFileMountedCallback: PakFile 'C:/Program Files/Epic Games/UE_4.27/FeaturePacks/StarterContent.upack' (chunk index -1, root 'root:/') mounted
[2024.03.08-00.50.30:448][  0]LogShaderLibrary: Display: ShaderCodeLibraryPakFileMountedCallback: pending pak file info (ChunkID:-1 Root:root:/ File:C:/Program Files/Epic Games/UE_4.27/FeaturePacks/StarterContent.upack)
[2024.03.08-00.50.30:448][  0]LogPakFile: OnPakFileMounted2Time == 0.000026
[2024.03.08-00.50.30:449][  0]LogPakFile: PakFile PrimaryIndexSize=190
[2024.03.08-00.50.30:449][  0]LogPakFile: PakFile PathHashIndexSize=101
[2024.03.08-00.50.30:449][  0]LogPakFile: PakFile FullDirectoryIndexSize=154
[2024.03.08-00.50.30:449][  0]LogShaderLibrary: Display: ShaderCodeLibraryPakFileMountedCallback: PakFile 'C:/Program Files/Epic Games/UE_4.27/FeaturePacks/TP_2DSideScroller.upack' (chunk index -1, root 'root:/') mounted
[2024.03.08-00.50.30:449][  0]LogShaderLibrary: Display: ShaderCodeLibraryPakFileMountedCallback: pending pak file info (ChunkID:-1 Root:root:/ File:C:/Program Files/Epic Games/UE_4.27/FeaturePacks/TP_2DSideScroller.upack)
[2024.03.08-00.50.30:449][  0]LogPakFile: OnPakFileMounted2Time == 0.000026
[2024.03.08-00.50.30:449][  0]LogPakFile: PakFile PrimaryIndexSize=192
[2024.03.08-00.50.30:449][  0]LogPakFile: PakFile PathHashIndexSize=101
[2024.03.08-00.50.30:449][  0]LogPakFile: PakFile FullDirectoryIndexSize=158
[2024.03.08-00.50.30:449][  0]LogShaderLibrary: Display: ShaderCodeLibraryPakFileMountedCallback: PakFile 'C:/Program Files/Epic Games/UE_4.27/FeaturePacks/TP_2DSideScrollerBP.upack' (chunk index -1, root 'root:/') mounted
[2024.03.08-00.50.30:449][  0]LogShaderLibrary: Display: ShaderCodeLibraryPakFileMountedCallback: pending pak file info (ChunkID:-1 Root:root:/ File:C:/Program Files/Epic Games/UE_4.27/FeaturePacks/TP_2DSideScrollerBP.upack)
[2024.03.08-00.50.30:449][  0]LogPakFile: OnPakFileMounted2Time == 0.000023
[2024.03.08-00.50.30:450][  0]LogPakFile: PakFile PrimaryIndexSize=182
[2024.03.08-00.50.30:450][  0]LogPakFile: PakFile PathHashIndexSize=101
[2024.03.08-00.50.30:450][  0]LogPakFile: PakFile FullDirectoryIndexSize=138
[2024.03.08-00.50.30:450][  0]LogShaderLibrary: Display: ShaderCodeLibraryPakFileMountedCallback: PakFile 'C:/Program Files/Epic Games/UE_4.27/FeaturePacks/TP_Flying.upack' (chunk index -1, root 'root:/') mounted
[2024.03.08-00.50.30:450][  0]LogShaderLibrary: Display: ShaderCodeLibraryPakFileMountedCallback: pending pak file info (ChunkID:-1 Root:root:/ File:C:/Program Files/Epic Games/UE_4.27/FeaturePacks/TP_Flying.upack)
[2024.03.08-00.50.30:450][  0]LogPakFile: OnPakFileMounted2Time == 0.000024
[2024.03.08-00.50.30:450][  0]LogPakFile: PakFile PrimaryIndexSize=184
[2024.03.08-00.50.30:450][  0]LogPakFile: PakFile PathHashIndexSize=101
[2024.03.08-00.50.30:450][  0]LogPakFile: PakFile FullDirectoryIndexSize=142
[2024.03.08-00.50.30:450][  0]LogShaderLibrary: Display: ShaderCodeLibraryPakFileMountedCallback: PakFile 'C:/Program Files/Epic Games/UE_4.27/FeaturePacks/TP_FlyingBP.upack' (chunk index -1, root 'root:/') mounted
[2024.03.08-00.50.30:450][  0]LogShaderLibrary: Display: ShaderCodeLibraryPakFileMountedCallback: pending pak file info (ChunkID:-1 Root:root:/ File:C:/Program Files/Epic Games/UE_4.27/FeaturePacks/TP_FlyingBP.upack)
[2024.03.08-00.50.30:450][  0]LogPakFile: OnPakFileMounted2Time == 0.000029
[2024.03.08-00.50.30:451][  0]LogPakFile: PakFile PrimaryIndexSize=188
[2024.03.08-00.50.30:451][  0]LogPakFile: PakFile PathHashIndexSize=101
[2024.03.08-00.50.30:451][  0]LogPakFile: PakFile FullDirectoryIndexSize=150
[2024.03.08-00.50.30:451][  0]LogShaderLibrary: Display: ShaderCodeLibraryPakFileMountedCallback: PakFile 'C:/Program Files/Epic Games/UE_4.27/FeaturePacks/TP_HandheldARBP.upack' (chunk index -1, root 'root:/') mounted
[2024.03.08-00.50.30:451][  0]LogShaderLibrary: Display: ShaderCodeLibraryPakFileMountedCallback: pending pak file info (ChunkID:-1 Root:root:/ File:C:/Program Files/Epic Games/UE_4.27/FeaturePacks/TP_HandheldARBP.upack)
[2024.03.08-00.50.30:451][  0]LogPakFile: OnPakFileMounted2Time == 0.000023
[2024.03.08-00.50.30:451][  0]LogPakFile: PakFile PrimaryIndexSize=182
[2024.03.08-00.50.30:451][  0]LogPakFile: PakFile PathHashIndexSize=101
[2024.03.08-00.50.30:451][  0]LogPakFile: PakFile FullDirectoryIndexSize=138
[2024.03.08-00.50.30:451][  0]LogShaderLibrary: Display: ShaderCodeLibraryPakFileMountedCallback: PakFile 'C:/Program Files/Epic Games/UE_4.27/FeaturePacks/TP_Puzzle.upack' (chunk index -1, root 'root:/') mounted
[2024.03.08-00.50.30:451][  0]LogShaderLibrary: Display: ShaderCodeLibraryPakFileMountedCallback: pending pak file info (ChunkID:-1 Root:root:/ File:C:/Program Files/Epic Games/UE_4.27/FeaturePacks/TP_Puzzle.upack)
[2024.03.08-00.50.30:451][  0]LogPakFile: OnPakFileMounted2Time == 0.000023
[2024.03.08-00.50.30:452][  0]LogPakFile: PakFile PrimaryIndexSize=184
[2024.03.08-00.50.30:452][  0]LogPakFile: PakFile PathHashIndexSize=101
[2024.03.08-00.50.30:452][  0]LogPakFile: PakFile FullDirectoryIndexSize=142
[2024.03.08-00.50.30:452][  0]LogShaderLibrary: Display: ShaderCodeLibraryPakFileMountedCallback: PakFile 'C:/Program Files/Epic Games/UE_4.27/FeaturePacks/TP_PuzzleBP.upack' (chunk index -1, root 'root:/') mounted
[2024.03.08-00.50.30:452][  0]LogShaderLibrary: Display: ShaderCodeLibraryPakFileMountedCallback: pending pak file info (ChunkID:-1 Root:root:/ File:C:/Program Files/Epic Games/UE_4.27/FeaturePacks/TP_PuzzleBP.upack)
[2024.03.08-00.50.30:452][  0]LogPakFile: OnPakFileMounted2Time == 0.000026
[2024.03.08-00.50.30:452][  0]LogPakFile: PakFile PrimaryIndexSize=183
[2024.03.08-00.50.30:452][  0]LogPakFile: PakFile PathHashIndexSize=101
[2024.03.08-00.50.30:452][  0]LogPakFile: PakFile FullDirectoryIndexSize=140
[2024.03.08-00.50.30:452][  0]LogShaderLibrary: Display: ShaderCodeLibraryPakFileMountedCallback: PakFile 'C:/Program Files/Epic Games/UE_4.27/FeaturePacks/TP_Rolling.upack' (chunk index -1, root 'root:/') mounted
[2024.03.08-00.50.30:452][  0]LogShaderLibrary: Display: ShaderCodeLibraryPakFileMountedCallback: pending pak file info (ChunkID:-1 Root:root:/ File:C:/Program Files/Epic Games/UE_4.27/FeaturePacks/TP_Rolling.upack)
[2024.03.08-00.50.30:452][  0]LogPakFile: OnPakFileMounted2Time == 0.000023
[2024.03.08-00.50.30:453][  0]LogPakFile: PakFile PrimaryIndexSize=185
[2024.03.08-00.50.30:453][  0]LogPakFile: PakFile PathHashIndexSize=101
[2024.03.08-00.50.30:453][  0]LogPakFile: PakFile FullDirectoryIndexSize=144
[2024.03.08-00.50.30:453][  0]LogShaderLibrary: Display: ShaderCodeLibraryPakFileMountedCallback: PakFile 'C:/Program Files/Epic Games/UE_4.27/FeaturePacks/TP_RollingBP.upack' (chunk index -1, root 'root:/') mounted
[2024.03.08-00.50.30:453][  0]LogShaderLibrary: Display: ShaderCodeLibraryPakFileMountedCallback: pending pak file info (ChunkID:-1 Root:root:/ File:C:/Program Files/Epic Games/UE_4.27/FeaturePacks/TP_RollingBP.upack)
[2024.03.08-00.50.30:453][  0]LogPakFile: OnPakFileMounted2Time == 0.000025
[2024.03.08-00.50.30:453][  0]LogPakFile: PakFile PrimaryIndexSize=188
[2024.03.08-00.50.30:453][  0]LogPakFile: PakFile PathHashIndexSize=101
[2024.03.08-00.50.30:453][  0]LogPakFile: PakFile FullDirectoryIndexSize=150
[2024.03.08-00.50.30:453][  0]LogShaderLibrary: Display: ShaderCodeLibraryPakFileMountedCallback: PakFile 'C:/Program Files/Epic Games/UE_4.27/FeaturePacks/TP_SideScroller.upack' (chunk index -1, root 'root:/') mounted
[2024.03.08-00.50.30:453][  0]LogShaderLibrary: Display: ShaderCodeLibraryPakFileMountedCallback: pending pak file info (ChunkID:-1 Root:root:/ File:C:/Program Files/Epic Games/UE_4.27/FeaturePacks/TP_SideScroller.upack)
[2024.03.08-00.50.30:453][  0]LogPakFile: OnPakFileMounted2Time == 0.000023
[2024.03.08-00.50.30:454][  0]LogPakFile: PakFile PrimaryIndexSize=190
[2024.03.08-00.50.30:454][  0]LogPakFile: PakFile PathHashIndexSize=101
[2024.03.08-00.50.30:454][  0]LogPakFile: PakFile FullDirectoryIndexSize=154
[2024.03.08-00.50.30:454][  0]LogShaderLibrary: Display: ShaderCodeLibraryPakFileMountedCallback: PakFile 'C:/Program Files/Epic Games/UE_4.27/FeaturePacks/TP_SideScrollerBP.upack' (chunk index -1, root 'root:/') mounted
[2024.03.08-00.50.30:454][  0]LogShaderLibrary: Display: ShaderCodeLibraryPakFileMountedCallback: pending pak file info (ChunkID:-1 Root:root:/ File:C:/Program Files/Epic Games/UE_4.27/FeaturePacks/TP_SideScrollerBP.upack)
[2024.03.08-00.50.30:454][  0]LogPakFile: OnPakFileMounted2Time == 0.000022
[2024.03.08-00.50.30:454][  0]LogPakFile: PakFile PrimaryIndexSize=187
[2024.03.08-00.50.30:454][  0]LogPakFile: PakFile PathHashIndexSize=101
[2024.03.08-00.50.30:454][  0]LogPakFile: PakFile FullDirectoryIndexSize=148
[2024.03.08-00.50.30:454][  0]LogShaderLibrary: Display: ShaderCodeLibraryPakFileMountedCallback: PakFile 'C:/Program Files/Epic Games/UE_4.27/FeaturePacks/TP_ThirdPerson.upack' (chunk index -1, root 'root:/') mounted
[2024.03.08-00.50.30:454][  0]LogShaderLibrary: Display: ShaderCodeLibraryPakFileMountedCallback: pending pak file info (ChunkID:-1 Root:root:/ File:C:/Program Files/Epic Games/UE_4.27/FeaturePacks/TP_ThirdPerson.upack)
[2024.03.08-00.50.30:454][  0]LogPakFile: OnPakFileMounted2Time == 0.000029
[2024.03.08-00.50.30:455][  0]LogPakFile: PakFile PrimaryIndexSize=189
[2024.03.08-00.50.30:455][  0]LogPakFile: PakFile PathHashIndexSize=101
[2024.03.08-00.50.30:455][  0]LogPakFile: PakFile FullDirectoryIndexSize=152
[2024.03.08-00.50.30:455][  0]LogShaderLibrary: Display: ShaderCodeLibraryPakFileMountedCallback: PakFile 'C:/Program Files/Epic Games/UE_4.27/FeaturePacks/TP_ThirdPersonBP.upack' (chunk index -1, root 'root:/') mounted
[2024.03.08-00.50.30:455][  0]LogShaderLibrary: Display: ShaderCodeLibraryPakFileMountedCallback: pending pak file info (ChunkID:-1 Root:root:/ File:C:/Program Files/Epic Games/UE_4.27/FeaturePacks/TP_ThirdPersonBP.upack)
[2024.03.08-00.50.30:455][  0]LogPakFile: OnPakFileMounted2Time == 0.000022
[2024.03.08-00.50.30:455][  0]LogPakFile: PakFile PrimaryIndexSize=183
[2024.03.08-00.50.30:455][  0]LogPakFile: PakFile PathHashIndexSize=101
[2024.03.08-00.50.30:455][  0]LogPakFile: PakFile FullDirectoryIndexSize=140
[2024.03.08-00.50.30:455][  0]LogShaderLibrary: Display: ShaderCodeLibraryPakFileMountedCallback: PakFile 'C:/Program Files/Epic Games/UE_4.27/FeaturePacks/TP_TopDown.upack' (chunk index -1, root 'root:/') mounted
[2024.03.08-00.50.30:455][  0]LogShaderLibrary: Display: ShaderCodeLibraryPakFileMountedCallback: pending pak file info (ChunkID:-1 Root:root:/ File:C:/Program Files/Epic Games/UE_4.27/FeaturePacks/TP_TopDown.upack)
[2024.03.08-00.50.30:455][  0]LogPakFile: OnPakFileMounted2Time == 0.000029
[2024.03.08-00.50.30:456][  0]LogPakFile: PakFile PrimaryIndexSize=185
[2024.03.08-00.50.30:456][  0]LogPakFile: PakFile PathHashIndexSize=101
[2024.03.08-00.50.30:456][  0]LogPakFile: PakFile FullDirectoryIndexSize=144
[2024.03.08-00.50.30:456][  0]LogShaderLibrary: Display: ShaderCodeLibraryPakFileMountedCallback: PakFile 'C:/Program Files/Epic Games/UE_4.27/FeaturePacks/TP_TopDownBP.upack' (chunk index -1, root 'root:/') mounted
[2024.03.08-00.50.30:456][  0]LogShaderLibrary: Display: ShaderCodeLibraryPakFileMountedCallback: pending pak file info (ChunkID:-1 Root:root:/ File:C:/Program Files/Epic Games/UE_4.27/FeaturePacks/TP_TopDownBP.upack)
[2024.03.08-00.50.30:456][  0]LogPakFile: OnPakFileMounted2Time == 0.000024
[2024.03.08-00.50.30:456][  0]LogPakFile: PakFile PrimaryIndexSize=185
[2024.03.08-00.50.30:456][  0]LogPakFile: PakFile PathHashIndexSize=101
[2024.03.08-00.50.30:456][  0]LogPakFile: PakFile FullDirectoryIndexSize=144
[2024.03.08-00.50.30:456][  0]LogShaderLibrary: Display: ShaderCodeLibraryPakFileMountedCallback: PakFile 'C:/Program Files/Epic Games/UE_4.27/FeaturePacks/TP_TwinStick.upack' (chunk index -1, root 'root:/') mounted
[2024.03.08-00.50.30:456][  0]LogShaderLibrary: Display: ShaderCodeLibraryPakFileMountedCallback: pending pak file info (ChunkID:-1 Root:root:/ File:C:/Program Files/Epic Games/UE_4.27/FeaturePacks/TP_TwinStick.upack)
[2024.03.08-00.50.30:456][  0]LogPakFile: OnPakFileMounted2Time == 0.000023
[2024.03.08-00.50.30:457][  0]LogPakFile: PakFile PrimaryIndexSize=187
[2024.03.08-00.50.30:457][  0]LogPakFile: PakFile PathHashIndexSize=101
[2024.03.08-00.50.30:457][  0]LogPakFile: PakFile FullDirectoryIndexSize=148
[2024.03.08-00.50.30:457][  0]LogShaderLibrary: Display: ShaderCodeLibraryPakFileMountedCallback: PakFile 'C:/Program Files/Epic Games/UE_4.27/FeaturePacks/TP_TwinStickBP.upack' (chunk index -1, root 'root:/') mounted
[2024.03.08-00.50.30:457][  0]LogShaderLibrary: Display: ShaderCodeLibraryPakFileMountedCallback: pending pak file info (ChunkID:-1 Root:root:/ File:C:/Program Files/Epic Games/UE_4.27/FeaturePacks/TP_TwinStickBP.upack)
[2024.03.08-00.50.30:457][  0]LogPakFile: OnPakFileMounted2Time == 0.000023
[2024.03.08-00.50.30:457][  0]LogPakFile: PakFile PrimaryIndexSize=183
[2024.03.08-00.50.30:457][  0]LogPakFile: PakFile PathHashIndexSize=101
[2024.03.08-00.50.30:457][  0]LogPakFile: PakFile FullDirectoryIndexSize=140
[2024.03.08-00.50.30:457][  0]LogShaderLibrary: Display: ShaderCodeLibraryPakFileMountedCallback: PakFile 'C:/Program Files/Epic Games/UE_4.27/FeaturePacks/TP_Vehicle.upack' (chunk index -1, root 'root:/') mounted
[2024.03.08-00.50.30:457][  0]LogShaderLibrary: Display: ShaderCodeLibraryPakFileMountedCallback: pending pak file info (ChunkID:-1 Root:root:/ File:C:/Program Files/Epic Games/UE_4.27/FeaturePacks/TP_Vehicle.upack)
[2024.03.08-00.50.30:457][  0]LogPakFile: OnPakFileMounted2Time == 0.000028
[2024.03.08-00.50.30:458][  0]LogPakFile: PakFile PrimaryIndexSize=186
[2024.03.08-00.50.30:458][  0]LogPakFile: PakFile PathHashIndexSize=101
[2024.03.08-00.50.30:458][  0]LogPakFile: PakFile FullDirectoryIndexSize=146
[2024.03.08-00.50.30:458][  0]LogShaderLibrary: Display: ShaderCodeLibraryPakFileMountedCallback: PakFile 'C:/Program Files/Epic Games/UE_4.27/FeaturePacks/TP_VehicleAdv.upack' (chunk index -1, root 'root:/') mounted
[2024.03.08-00.50.30:458][  0]LogShaderLibrary: Display: ShaderCodeLibraryPakFileMountedCallback: pending pak file info (ChunkID:-1 Root:root:/ File:C:/Program Files/Epic Games/UE_4.27/FeaturePacks/TP_VehicleAdv.upack)
[2024.03.08-00.50.30:458][  0]LogPakFile: OnPakFileMounted2Time == 0.000024
[2024.03.08-00.50.30:458][  0]LogPakFile: PakFile PrimaryIndexSize=188
[2024.03.08-00.50.30:458][  0]LogPakFile: PakFile PathHashIndexSize=101
[2024.03.08-00.50.30:458][  0]LogPakFile: PakFile FullDirectoryIndexSize=150
[2024.03.08-00.50.30:458][  0]LogShaderLibrary: Display: ShaderCodeLibraryPakFileMountedCallback: PakFile 'C:/Program Files/Epic Games/UE_4.27/FeaturePacks/TP_VehicleAdvBP.upack' (chunk index -1, root 'root:/') mounted
[2024.03.08-00.50.30:458][  0]LogShaderLibrary: Display: ShaderCodeLibraryPakFileMountedCallback: pending pak file info (ChunkID:-1 Root:root:/ File:C:/Program Files/Epic Games/UE_4.27/FeaturePacks/TP_VehicleAdvBP.upack)
[2024.03.08-00.50.30:458][  0]LogPakFile: OnPakFileMounted2Time == 0.000023
[2024.03.08-00.50.30:459][  0]LogPakFile: PakFile PrimaryIndexSize=185
[2024.03.08-00.50.30:459][  0]LogPakFile: PakFile PathHashIndexSize=101
[2024.03.08-00.50.30:459][  0]LogPakFile: PakFile FullDirectoryIndexSize=144
[2024.03.08-00.50.30:459][  0]LogShaderLibrary: Display: ShaderCodeLibraryPakFileMountedCallback: PakFile 'C:/Program Files/Epic Games/UE_4.27/FeaturePacks/TP_VehicleBP.upack' (chunk index -1, root 'root:/') mounted
[2024.03.08-00.50.30:459][  0]LogShaderLibrary: Display: ShaderCodeLibraryPakFileMountedCallback: pending pak file info (ChunkID:-1 Root:root:/ File:C:/Program Files/Epic Games/UE_4.27/FeaturePacks/TP_VehicleBP.upack)
[2024.03.08-00.50.30:459][  0]LogPakFile: OnPakFileMounted2Time == 0.000032
[2024.03.08-00.50.30:459][  0]LogPakFile: PakFile PrimaryIndexSize=192
[2024.03.08-00.50.30:459][  0]LogPakFile: PakFile PathHashIndexSize=101
[2024.03.08-00.50.30:459][  0]LogPakFile: PakFile FullDirectoryIndexSize=158
[2024.03.08-00.50.30:459][  0]LogShaderLibrary: Display: ShaderCodeLibraryPakFileMountedCallback: PakFile 'C:/Program Files/Epic Games/UE_4.27/FeaturePacks/TP_VirtualRealityBP.upack' (chunk index -1, root 'root:/') mounted
[2024.03.08-00.50.30:459][  0]LogShaderLibrary: Display: ShaderCodeLibraryPakFileMountedCallback: pending pak file info (ChunkID:-1 Root:root:/ File:C:/Program Files/Epic Games/UE_4.27/FeaturePacks/TP_VirtualRealityBP.upack)
[2024.03.08-00.50.30:459][  0]LogPakFile: OnPakFileMounted2Time == 0.000023
[2024.03.08-00.50.30:509][  0]LogNativeClassHierarchy: Verbose: Native class hierarchy updated for 'AddContentDialog' in 0.0003 seconds. Added 0 classes and 0 folders.
[2024.03.08-00.50.30:510][  0]LogNativeClassHierarchy: Verbose: Native class hierarchy updated for 'SceneOutliner' in 0.0002 seconds. Added 2 classes and 0 folders.
[2024.03.08-00.50.30:608][  0]LogSlate: Took 0.000163 seconds to synchronously load lazily loaded font '../../../Engine/Content/Slate/Fonts/Roboto-Regular.ttf' (155K)
[2024.03.08-00.50.30:614][  0]LogSlate: Took 0.004930 seconds to synchronously load lazily loaded font '../../../Engine/Content/Editor/Slate/Fonts/FontAwesome.ttf' (139K)
[2024.03.08-00.50.30:615][  0]LogSlate: Took 0.000179 seconds to synchronously load lazily loaded font '../../../Engine/Content/Slate/Fonts/Roboto-Bold.ttf' (160K)
[2024.03.08-00.50.30:739][  0]LogRenderer: Reallocating scene render targets to support 1136x632 Format 10 NumSamples 1 (Frame:1).
[2024.03.08-00.50.30:992][  0]LogD3D12RHI: Creating RTPSO with 128 shaders (0 cached, 128 new) took 221.10 ms. Compile time 205.68 ms, link time 15.12 ms.
[2024.03.08-00.50.31:056][  0]LogD3D12RHI: Creating RT View Heap with 250000 entries
[2024.03.08-00.50.31:066][  0]LogD3D12RHI: Creating RT Sampler Heap with 2048 entries
[2024.03.08-00.50.31:107][  0]LogD3D12RHI: Creating RTPSO with 8 shaders (0 cached, 8 new) took 30.84 ms. Compile time 29.01 ms, link time 1.80 ms.
[2024.03.08-00.50.31:107][  0]LogD3D12RHI: Creating RT View Heap with 250000 entries
[2024.03.08-00.50.31:117][  0]LogD3D12RHI: Creating RT Sampler Heap with 2048 entries
[2024.03.08-00.50.31:205][  0]LogD3D12RHI: Creating RTPSO with 3 shaders (2 cached, 1 new) took 84.99 ms. Compile time 0.94 ms, link time 84.01 ms.
[2024.03.08-00.50.31:205][  0]LogD3D12RHI: Creating RT View Heap with 250000 entries
[2024.03.08-00.50.31:215][  0]LogD3D12RHI: Creating RT Sampler Heap with 2048 entries
[2024.03.08-00.50.31:446][  0]LogNativeClassHierarchy: Verbose: Native class hierarchy updated for 'HierarchicalLODOutliner' in 0.0003 seconds. Added 0 classes and 0 folders.
[2024.03.08-00.50.31:446][  0]LogLoad: (Engine Initialization) Total time: 24.76 seconds
[2024.03.08-00.50.31:446][  0]LogLoad: (Engine Initialization) Total Blueprint compile time: 0.00 seconds
[2024.03.08-00.50.31:481][  0]LogAssetRegistry: Asset discovery search completed in 21.7063 seconds
[2024.03.08-00.50.31:486][  0]LogCollectionManager: Fixed up redirectors for 0 collections in 0.000004 seconds (updated 0 objects)
[2024.03.08-00.50.31:488][  0]LogContentStreaming: Texture pool size now 1000 MB
[2024.03.08-00.50.31:600][  3]LogD3D12RHI: Creating RT View Heap with 250000 entries
[2024.03.08-00.50.31:609][  3]LogD3D12RHI: Creating RT Sampler Heap with 2048 entries
[2024.03.08-00.50.31:610][  3]LogD3D12RHI: Creating RT View Heap with 250000 entries
[2024.03.08-00.50.31:618][  3]LogD3D12RHI: Creating RT Sampler Heap with 2048 entries
[2024.03.08-00.50.31:632][  3]LogD3D12RHI: Creating RT View Heap with 250000 entries
[2024.03.08-00.50.31:640][  3]LogD3D12RHI: Creating RT Sampler Heap with 2048 entries
[2024.03.08-00.50.31:640][  3]LogD3D12RHI: Creating RT View Heap with 250000 entries
[2024.03.08-00.50.31:650][  3]LogD3D12RHI: Creating RT Sampler Heap with 2048 entries
[2024.03.08-00.53.38:732][232]LogSlate: Took 0.003182 seconds to synchronously load lazily loaded font '../../../Engine/Content/Slate/Fonts/Roboto-Light.ttf' (167K)
[2024.03.08-00.53.46:411][255]LogDirectoryWatcher: Display: A directory notification failed for 'C:/Users/gamem/Documents/GitHub/Unreal-Engine-Test/MyProject/Saved/Collections/' because it could not be accessed. Aborting watch request...
[2024.03.08-00.53.46:411][255]LogDirectoryWatcher: Display: A directory notification failed for 'C:/Users/gamem/Documents/GitHub/Unreal-Engine-Test/MyProject/Content/Collections/' because it could not be accessed. Aborting watch request...
[2024.03.08-00.53.46:412][255]LogDirectoryWatcher: Display: A directory notification failed for 'C:/Users/gamem/Documents/GitHub/Unreal-Engine-Test/MyProject/Content/Developers/gamem/Collections/' because it could not be accessed. Aborting watch request...
